#
# There is insufficient memory for the Java Runtime Environment to continue.
# Native memory allocation (mmap) failed to map 65536 bytes for Failed to commit metaspace.
# Possible reasons:
#   The system is out of physical RAM or swap space
#   The process is running with CompressedOops enabled, and the Java Heap may be blocking the growth of the native heap
# Possible solutions:
#   Reduce memory load on the system
#   Increase physical memory or swap space
#   Check if swap backing store is full
#   Decrease Java heap size (-Xmx/-Xms)
#   Decrease number of Java threads
#   Decrease Java thread stack sizes (-Xss)
#   Set larger code cache with -XX:ReservedCodeCacheSize=
#   JVM is running with Zero Based Compressed Oops mode in which the Java heap is
#     placed in the first 32GB address space. The Java Heap base address is the
#     maximum limit for the native heap growth. Please use -XX:HeapBaseMinAddress
#     to set the Java Heap base and to place the Java Heap above 32GB virtual address.
# This output file may be truncated or incomplete.
#
#  Out of Memory Error (virtualSpaceNode.cpp:110), pid=4312, tid=19440
#
# JRE version: Java(TM) SE Runtime Environment (17.0.5+9) (build 17.0.5+9-LTS-191)
# Java VM: Java HotSpot(TM) 64-Bit Server VM (17.0.5+9-LTS-191, mixed mode, emulated-client, sharing, tiered, compressed oops, compressed class ptrs, g1 gc, windows-amd64)
# No core dump will be written. Minidumps are not enabled by default on client versions of Windows
#

---------------  S U M M A R Y ------------

Command Line: -XX:TieredStopAtLevel=1 -Dspring.output.ansi.enabled=always -Dcom.sun.management.jmxremote -Dspring.jmx.enabled=true -Dspring.liveBeansView.mbeanDomain -Dspring.application.admin.enabled=true -Dmanagement.endpoints.jmx.exposure.include=* -javaagent:C:\Program Files\JetBrains\IntelliJ IDEA 2023.1.4\lib\idea_rt.jar=63508:C:\Program Files\JetBrains\IntelliJ IDEA 2023.1.4\bin -Dfile.encoding=UTF-8 yte.intern.springsecurity.SpringSecurityApplication

Host: AMD Ryzen 5 4600H with Radeon Graphics         , 12 cores, 15G,  Windows 11 , 64 bit Build 22621 (10.0.22621.2070)
Time: Wed Aug  9 10:01:32 2023 Türkiye Standart Saati elapsed time: 1.006287 seconds (0d 0h 0m 1s)

---------------  T H R E A D  ---------------

Current thread (0x000002595454b9e0):  JavaThread "main" [_thread_in_vm, id=19440, stack(0x0000005bf6700000,0x0000005bf6800000)]

Stack: [0x0000005bf6700000,0x0000005bf6800000]
Native frames: (J=compiled Java code, j=interpreted, Vv=VM code, C=native code)
V  [jvm.dll+0x672eea]
V  [jvm.dll+0x7d2a04]
V  [jvm.dll+0x7d41ae]
V  [jvm.dll+0x7d4813]
V  [jvm.dll+0x242c15]
V  [jvm.dll+0x7ce9ab]
V  [jvm.dll+0x618bb6]
V  [jvm.dll+0x1be37e]
V  [jvm.dll+0x61b4f1]
V  [jvm.dll+0x619556]
V  [jvm.dll+0x367f22]
V  [jvm.dll+0x1dfb2b]
V  [jvm.dll+0x539409]
V  [jvm.dll+0x74d67d]
V  [jvm.dll+0x74d5da]
V  [jvm.dll+0x409684]
V  [jvm.dll+0x41ce2b]
C  [java.dll+0x1657]

Java frames: (J=compiled Java code, j=interpreted, Vv=VM code)
j  java.lang.ClassLoader.defineClass0(Ljava/lang/ClassLoader;Ljava/lang/Class;Ljava/lang/String;[BIILjava/security/ProtectionDomain;ZILjava/lang/Object;)Ljava/lang/Class;+0 java.base@17.0.5
j  java.lang.System$2.defineClass(Ljava/lang/ClassLoader;Ljava/lang/Class;Ljava/lang/String;[BLjava/security/ProtectionDomain;ZILjava/lang/Object;)Ljava/lang/Class;+17 java.base@17.0.5
j  java.lang.invoke.MethodHandles$Lookup$ClassDefiner.defineClass(ZLjava/lang/Object;)Ljava/lang/Class;+54 java.base@17.0.5
j  java.lang.invoke.InvokerBytecodeGenerator.loadMethod([B)Ljava/lang/invoke/MemberName;+16 java.base@17.0.5
j  java.lang.invoke.InvokerBytecodeGenerator.generateCustomizedCode(Ljava/lang/invoke/LambdaForm;Ljava/lang/invoke/MethodType;)Ljava/lang/invoke/MemberName;+30 java.base@17.0.5
j  java.lang.invoke.LambdaForm.compileToBytecode()V+69 java.base@17.0.5
j  java.lang.invoke.DirectMethodHandle.makePreparedLambdaForm(Ljava/lang/invoke/MethodType;I)Ljava/lang/invoke/LambdaForm;+792 java.base@17.0.5
J 1204 c1 java.lang.invoke.DirectMethodHandle.preparedLambdaForm(Ljava/lang/invoke/MemberName;Z)Ljava/lang/invoke/LambdaForm; java.base@17.0.5 (244 bytes) @ 0x000002595c1943ec [0x000002595c194160+0x000000000000028c]
J 1294 c1 java.lang.invoke.DirectMethodHandle.make(BLjava/lang/Class;Ljava/lang/invoke/MemberName;Ljava/lang/Class;)Ljava/lang/invoke/DirectMethodHandle; java.base@17.0.5 (275 bytes) @ 0x000002595c1bb7c4 [0x000002595c1bb280+0x0000000000000544]
J 1450 c1 java.lang.invoke.MethodHandles$Lookup.getDirectMethodCommon(BLjava/lang/Class;Ljava/lang/invoke/MemberName;ZZLjava/lang/invoke/MethodHandles$Lookup;)Ljava/lang/invoke/MethodHandle; java.base@17.0.5 (280 bytes) @ 0x000002595c1f7cdc [0x000002595c1f7900+0x00000000000003dc]
J 1539 c1 java.lang.invoke.MethodHandles$Lookup.getDirectMethodForConstant(BLjava/lang/Class;Ljava/lang/invoke/MemberName;)Ljava/lang/invoke/MethodHandle; java.base@17.0.5 (72 bytes) @ 0x000002595c214944 [0x000002595c214560+0x00000000000003e4]
J 1214 c1 java.lang.invoke.MethodHandles$Lookup.linkMethodHandleConstant(BLjava/lang/Class;Ljava/lang/String;Ljava/lang/Object;)Ljava/lang/invoke/MethodHandle; java.base@17.0.5 (223 bytes) @ 0x000002595c1990ec [0x000002595c198b00+0x00000000000005ec]
J 1213 c1 java.lang.invoke.MethodHandleNatives.linkMethodHandleConstant(Ljava/lang/Class;ILjava/lang/Class;Ljava/lang/String;Ljava/lang/Object;)Ljava/lang/invoke/MethodHandle; java.base@17.0.5 (50 bytes) @ 0x000002595c19859c [0x000002595c198540+0x000000000000005c]
v  ~StubRoutines::call_stub
j  org.springframework.core.io.support.PathMatchingResourcePatternResolver.doFindPathMatchingFileResources(Lorg/springframework/core/io/Resource;Ljava/lang/String;)Ljava/util/Set;+219
j  org.springframework.web.context.support.ServletContextResourcePatternResolver.doFindPathMatchingFileResources(Lorg/springframework/core/io/Resource;Ljava/lang/String;)Ljava/util/Set;+61
j  org.springframework.core.io.support.PathMatchingResourcePatternResolver.findPathMatchingResources(Ljava/lang/String;)[Lorg/springframework/core/io/Resource;+215
j  org.springframework.core.io.support.PathMatchingResourcePatternResolver.getResources(Ljava/lang/String;)[Lorg/springframework/core/io/Resource;+47
j  org.springframework.context.support.AbstractApplicationContext.getResources(Ljava/lang/String;)[Lorg/springframework/core/io/Resource;+5
j  org.springframework.context.support.GenericApplicationContext.getResources(Ljava/lang/String;)[Lorg/springframework/core/io/Resource;+27
j  org.springframework.context.annotation.ClassPathScanningCandidateComponentProvider.scanCandidateComponents(Ljava/lang/String;)Ljava/util/Set;+28
j  org.springframework.context.annotation.ClassPathScanningCandidateComponentProvider.findCandidateComponents(Ljava/lang/String;)Ljava/util/Set;+26
j  org.springframework.context.annotation.ClassPathBeanDefinitionScanner.doScan([Ljava/lang/String;)Ljava/util/Set;+39
j  org.springframework.context.annotation.ComponentScanAnnotationParser.parse(Lorg/springframework/core/annotation/AnnotationAttributes;Ljava/lang/String;)Ljava/util/Set;+508
j  org.springframework.context.annotation.ConfigurationClassParser.doProcessConfigurationClass(Lorg/springframework/context/annotation/ConfigurationClass;Lorg/springframework/context/annotation/ConfigurationClassParser$SourceClass;Ljava/util/function/Predicate;)Lorg/springframework/context/annotation/ConfigurationClassParser$SourceClass;+200
j  org.springframework.context.annotation.ConfigurationClassParser.processConfigurationClass(Lorg/springframework/context/annotation/ConfigurationClass;Ljava/util/function/Predicate;)V+106
j  org.springframework.context.annotation.ConfigurationClassParser.parse(Lorg/springframework/core/type/AnnotationMetadata;Ljava/lang/String;)V+13
j  org.springframework.context.annotation.ConfigurationClassParser.parse(Ljava/util/Set;)V+59
j  org.springframework.context.annotation.ConfigurationClassPostProcessor.processConfigBeanDefinitions(Lorg/springframework/beans/factory/support/BeanDefinitionRegistry;)V+301
j  org.springframework.context.annotation.ConfigurationClassPostProcessor.postProcessBeanDefinitionRegistry(Lorg/springframework/beans/factory/support/BeanDefinitionRegistry;)V+81
j  org.springframework.context.support.PostProcessorRegistrationDelegate.invokeBeanDefinitionRegistryPostProcessors(Ljava/util/Collection;Lorg/springframework/beans/factory/support/BeanDefinitionRegistry;Lorg/springframework/core/metrics/ApplicationStartup;)V+59
j  org.springframework.context.support.PostProcessorRegistrationDelegate.invokeBeanFactoryPostProcessors(Lorg/springframework/beans/factory/config/ConfigurableListableBeanFactory;Ljava/util/List;)V+238
j  org.springframework.context.support.AbstractApplicationContext.invokeBeanFactoryPostProcessors(Lorg/springframework/beans/factory/config/ConfigurableListableBeanFactory;)V+5
j  org.springframework.context.support.AbstractApplicationContext.refresh()V+53
j  org.springframework.boot.web.servlet.context.ServletWebServerApplicationContext.refresh()V+1
j  org.springframework.boot.SpringApplication.refresh(Lorg/springframework/context/ConfigurableApplicationContext;)V+1
j  org.springframework.boot.SpringApplication.refreshContext(Lorg/springframework/context/ConfigurableApplicationContext;)V+16
j  org.springframework.boot.SpringApplication.run([Ljava/lang/String;)Lorg/springframework/context/ConfigurableApplicationContext;+101
j  org.springframework.boot.SpringApplication.run([Ljava/lang/Class;[Ljava/lang/String;)Lorg/springframework/context/ConfigurableApplicationContext;+9
j  org.springframework.boot.SpringApplication.run(Ljava/lang/Class;[Ljava/lang/String;)Lorg/springframework/context/ConfigurableApplicationContext;+9
j  yte.intern.springsecurity.SpringSecurityApplication.main([Ljava/lang/String;)V+3
v  ~StubRoutines::call_stub

---------------  P R O C E S S  ---------------

Threads class SMR info:
_java_thread_list=0x000002596c6bc980, length=16, elements={
0x000002595454b9e0, 0x000002596aff3570, 0x000002596aff3f20, 0x000002596b0093d0,
0x000002596b009d80, 0x000002596b00a730, 0x000002596b00b0e0, 0x000002596b00caa0,
0x000002596b00d490, 0x000002596afdc7f0, 0x000002596bd17070, 0x000002596bd18a50,
0x000002596bffdd80, 0x000002596bffe650, 0x000002596c235840, 0x000002596c6c90d0
}

Java Threads: ( => current thread )
=>0x000002595454b9e0 JavaThread "main" [_thread_in_vm, id=19440, stack(0x0000005bf6700000,0x0000005bf6800000)]
  0x000002596aff3570 JavaThread "Reference Handler" daemon [_thread_blocked, id=9388, stack(0x0000005bf6e00000,0x0000005bf6f00000)]
  0x000002596aff3f20 JavaThread "Finalizer" daemon [_thread_blocked, id=13428, stack(0x0000005bf6f00000,0x0000005bf7000000)]
  0x000002596b0093d0 JavaThread "Signal Dispatcher" daemon [_thread_blocked, id=22292, stack(0x0000005bf7000000,0x0000005bf7100000)]
  0x000002596b009d80 JavaThread "Attach Listener" daemon [_thread_blocked, id=20176, stack(0x0000005bf7100000,0x0000005bf7200000)]
  0x000002596b00a730 JavaThread "Service Thread" daemon [_thread_blocked, id=4256, stack(0x0000005bf7200000,0x0000005bf7300000)]
  0x000002596b00b0e0 JavaThread "Monitor Deflation Thread" daemon [_thread_blocked, id=10508, stack(0x0000005bf7300000,0x0000005bf7400000)]
  0x000002596b00caa0 JavaThread "C1 CompilerThread0" daemon [_thread_blocked, id=5688, stack(0x0000005bf7400000,0x0000005bf7500000)]
  0x000002596b00d490 JavaThread "Sweeper thread" daemon [_thread_blocked, id=20936, stack(0x0000005bf7500000,0x0000005bf7600000)]
  0x000002596afdc7f0 JavaThread "Common-Cleaner" daemon [_thread_blocked, id=14308, stack(0x0000005bf7600000,0x0000005bf7700000)]
  0x000002596bd17070 JavaThread "C1 CompilerThread1" daemon [_thread_blocked, id=21852, stack(0x0000005bf7700000,0x0000005bf7800000)]
  0x000002596bd18a50 JavaThread "C1 CompilerThread2" daemon [_thread_blocked, id=12164, stack(0x0000005bf7800000,0x0000005bf7900000)]
  0x000002596bffdd80 JavaThread "Monitor Ctrl-Break" daemon [_thread_in_native, id=16920, stack(0x0000005bf7900000,0x0000005bf7a00000)]
  0x000002596bffe650 JavaThread "Notification Thread" daemon [_thread_blocked, id=19836, stack(0x0000005bf7a00000,0x0000005bf7b00000)]
  0x000002596c235840 JavaThread "RMI TCP Accept-0" daemon [_thread_in_native, id=19780, stack(0x0000005bf7b00000,0x0000005bf7c00000)]
  0x000002596c6c90d0 JavaThread "background-preinit" [_thread_in_vm, id=22320, stack(0x0000005bf8400000,0x0000005bf8500000)]

Other Threads:
  0x000002596afedbd0 VMThread "VM Thread" [stack: 0x0000005bf6d00000,0x0000005bf6e00000] [id=21160]
  0x00000259545cec90 WatcherThread [stack: 0x0000005bf7c00000,0x0000005bf7d00000] [id=6080]
  0x00000259545b2ef0 GCTaskThread "GC Thread#0" [stack: 0x0000005bf6800000,0x0000005bf6900000] [id=13132]
  0x000002596c580dd0 GCTaskThread "GC Thread#1" [stack: 0x0000005bf7d00000,0x0000005bf7e00000] [id=2808]
  0x000002596c581080 GCTaskThread "GC Thread#2" [stack: 0x0000005bf7e00000,0x0000005bf7f00000] [id=14600]
  0x000002596c584de0 GCTaskThread "GC Thread#3" [stack: 0x0000005bf7f00000,0x0000005bf8000000] [id=19684]
  0x000002596c5852a0 GCTaskThread "GC Thread#4" [stack: 0x0000005bf8000000,0x0000005bf8100000] [id=16312]
  0x000002596c5cc3a0 GCTaskThread "GC Thread#5" [stack: 0x0000005bf8100000,0x0000005bf8200000] [id=8152]
  0x000002596c5cbb90 GCTaskThread "GC Thread#6" [stack: 0x0000005bf8200000,0x0000005bf8300000] [id=20744]
  0x000002596c5cbe40 GCTaskThread "GC Thread#7" [stack: 0x0000005bf8500000,0x0000005bf8600000] [id=14764]
  0x000002596c5cd3c0 GCTaskThread "GC Thread#8" [stack: 0x0000005bf8600000,0x0000005bf8700000] [id=21400]
  0x00000259545c42e0 ConcurrentGCThread "G1 Main Marker" [stack: 0x0000005bf6900000,0x0000005bf6a00000] [id=4184]
  0x00000259545c5ba0 ConcurrentGCThread "G1 Conc#0" [stack: 0x0000005bf6a00000,0x0000005bf6b00000] [id=9092]
  0x000002595460de80 ConcurrentGCThread "G1 Refine#0" [stack: 0x0000005bf6b00000,0x0000005bf6c00000] [id=5268]
  0x000002596c59f330 ConcurrentGCThread "G1 Refine#1" [stack: 0x0000005bf8300000,0x0000005bf8400000] [id=22504]
  0x000002595460e640 ConcurrentGCThread "G1 Service" [stack: 0x0000005bf6c00000,0x0000005bf6d00000] [id=2548]

Threads with active compile tasks:

VM state: not at safepoint (normal execution)

VM Mutex/Monitor currently owned by a thread:  ([mutex/lock_event])
[0x00000259545454c0] Metaspace_lock - owner thread: 0x000002595454b9e0

Heap address: 0x000000070a000000, size: 3936 MB, Compressed Oops mode: Zero based, Oop shift amount: 3

CDS archive(s) mapped at: [0x0000000800000000-0x0000000800bd0000-0x0000000800bd0000), size 12386304, SharedBaseAddress: 0x0000000800000000, ArchiveRelocationMode: 0.
Compressed class space mapped at: 0x0000000800c00000-0x0000000840c00000, reserved size: 1073741824
Narrow klass base: 0x0000000800000000, Narrow klass shift: 0, Narrow klass range: 0x100000000

GC Precious Log:
 CPUs: 12 total, 12 available
 Memory: 15741M
 Large Page Support: Disabled
 NUMA Support: Disabled
 Compressed Oops: Enabled (Zero based)
 Heap Region Size: 2M
 Heap Min Capacity: 8M
 Heap Initial Capacity: 246M
 Heap Max Capacity: 3936M
 Pre-touch: Disabled
 Parallel Workers: 10
 Concurrent Workers: 3
 Concurrent Refinement Workers: 10
 Periodic GC: Disabled

Heap:
 garbage-first heap   total 251904K, used 19361K [0x000000070a000000, 0x0000000800000000)
  region size 2048K, 7 young (14336K), 1 survivors (2048K)
 Metaspace       used 14192K, committed 14400K, reserved 1064960K
  class space    used 2042K, committed 2112K, reserved 1048576K

Heap Regions: E=young(eden), S=young(survivor), O=old, HS=humongous(starts), HC=humongous(continues), CS=collection set, F=free, OA=open archive, CA=closed archive, TAMS=top-at-mark-start (previous, next)
|   0|0x000000070a000000, 0x000000070a200000, 0x000000070a200000|100%| O|  |TAMS 0x000000070a000000, 0x000000070a000000| Untracked 
|   1|0x000000070a200000, 0x000000070a400000, 0x000000070a400000|100%| O|  |TAMS 0x000000070a200000, 0x000000070a200000| Untracked 
|   2|0x000000070a400000, 0x000000070a600000, 0x000000070a600000|100%| O|  |TAMS 0x000000070a400000, 0x000000070a400000| Untracked 
|   3|0x000000070a600000, 0x000000070a714200, 0x000000070a800000| 53%| O|  |TAMS 0x000000070a600000, 0x000000070a600000| Untracked 
|   4|0x000000070a800000, 0x000000070a800000, 0x000000070aa00000|  0%| F|  |TAMS 0x000000070a800000, 0x000000070a800000| Untracked 
|   5|0x000000070aa00000, 0x000000070aa00000, 0x000000070ac00000|  0%| F|  |TAMS 0x000000070aa00000, 0x000000070aa00000| Untracked 
|   6|0x000000070ac00000, 0x000000070ac00000, 0x000000070ae00000|  0%| F|  |TAMS 0x000000070ac00000, 0x000000070ac00000| Untracked 
|   7|0x000000070ae00000, 0x000000070ae00000, 0x000000070b000000|  0%| F|  |TAMS 0x000000070ae00000, 0x000000070ae00000| Untracked 
|   8|0x000000070b000000, 0x000000070b000000, 0x000000070b200000|  0%| F|  |TAMS 0x000000070b000000, 0x000000070b000000| Untracked 
|   9|0x000000070b200000, 0x000000070b200000, 0x000000070b400000|  0%| F|  |TAMS 0x000000070b200000, 0x000000070b200000| Untracked 
|  10|0x000000070b400000, 0x000000070b400000, 0x000000070b600000|  0%| F|  |TAMS 0x000000070b400000, 0x000000070b400000| Untracked 
|  11|0x000000070b600000, 0x000000070b600000, 0x000000070b800000|  0%| F|  |TAMS 0x000000070b600000, 0x000000070b600000| Untracked 
|  12|0x000000070b800000, 0x000000070b800000, 0x000000070ba00000|  0%| F|  |TAMS 0x000000070b800000, 0x000000070b800000| Untracked 
|  13|0x000000070ba00000, 0x000000070ba00000, 0x000000070bc00000|  0%| F|  |TAMS 0x000000070ba00000, 0x000000070ba00000| Untracked 
|  14|0x000000070bc00000, 0x000000070bc00000, 0x000000070be00000|  0%| F|  |TAMS 0x000000070bc00000, 0x000000070bc00000| Untracked 
|  15|0x000000070be00000, 0x000000070be00000, 0x000000070c000000|  0%| F|  |TAMS 0x000000070be00000, 0x000000070be00000| Untracked 
|  16|0x000000070c000000, 0x000000070c000000, 0x000000070c200000|  0%| F|  |TAMS 0x000000070c000000, 0x000000070c000000| Untracked 
|  17|0x000000070c200000, 0x000000070c200000, 0x000000070c400000|  0%| F|  |TAMS 0x000000070c200000, 0x000000070c200000| Untracked 
|  18|0x000000070c400000, 0x000000070c400000, 0x000000070c600000|  0%| F|  |TAMS 0x000000070c400000, 0x000000070c400000| Untracked 
|  19|0x000000070c600000, 0x000000070c600000, 0x000000070c800000|  0%| F|  |TAMS 0x000000070c600000, 0x000000070c600000| Untracked 
|  20|0x000000070c800000, 0x000000070c800000, 0x000000070ca00000|  0%| F|  |TAMS 0x000000070c800000, 0x000000070c800000| Untracked 
|  21|0x000000070ca00000, 0x000000070ca00000, 0x000000070cc00000|  0%| F|  |TAMS 0x000000070ca00000, 0x000000070ca00000| Untracked 
|  22|0x000000070cc00000, 0x000000070cc00000, 0x000000070ce00000|  0%| F|  |TAMS 0x000000070cc00000, 0x000000070cc00000| Untracked 
|  23|0x000000070ce00000, 0x000000070ce00000, 0x000000070d000000|  0%| F|  |TAMS 0x000000070ce00000, 0x000000070ce00000| Untracked 
|  24|0x000000070d000000, 0x000000070d000000, 0x000000070d200000|  0%| F|  |TAMS 0x000000070d000000, 0x000000070d000000| Untracked 
|  25|0x000000070d200000, 0x000000070d200000, 0x000000070d400000|  0%| F|  |TAMS 0x000000070d200000, 0x000000070d200000| Untracked 
|  26|0x000000070d400000, 0x000000070d400000, 0x000000070d600000|  0%| F|  |TAMS 0x000000070d400000, 0x000000070d400000| Untracked 
|  27|0x000000070d600000, 0x000000070d600000, 0x000000070d800000|  0%| F|  |TAMS 0x000000070d600000, 0x000000070d600000| Untracked 
|  28|0x000000070d800000, 0x000000070d800000, 0x000000070da00000|  0%| F|  |TAMS 0x000000070d800000, 0x000000070d800000| Untracked 
|  29|0x000000070da00000, 0x000000070da00000, 0x000000070dc00000|  0%| F|  |TAMS 0x000000070da00000, 0x000000070da00000| Untracked 
|  30|0x000000070dc00000, 0x000000070dc00000, 0x000000070de00000|  0%| F|  |TAMS 0x000000070dc00000, 0x000000070dc00000| Untracked 
|  31|0x000000070de00000, 0x000000070de00000, 0x000000070e000000|  0%| F|  |TAMS 0x000000070de00000, 0x000000070de00000| Untracked 
|  32|0x000000070e000000, 0x000000070e000000, 0x000000070e200000|  0%| F|  |TAMS 0x000000070e000000, 0x000000070e000000| Untracked 
|  33|0x000000070e200000, 0x000000070e200000, 0x000000070e400000|  0%| F|  |TAMS 0x000000070e200000, 0x000000070e200000| Untracked 
|  34|0x000000070e400000, 0x000000070e400000, 0x000000070e600000|  0%| F|  |TAMS 0x000000070e400000, 0x000000070e400000| Untracked 
|  35|0x000000070e600000, 0x000000070e600000, 0x000000070e800000|  0%| F|  |TAMS 0x000000070e600000, 0x000000070e600000| Untracked 
|  36|0x000000070e800000, 0x000000070e800000, 0x000000070ea00000|  0%| F|  |TAMS 0x000000070e800000, 0x000000070e800000| Untracked 
|  37|0x000000070ea00000, 0x000000070ea00000, 0x000000070ec00000|  0%| F|  |TAMS 0x000000070ea00000, 0x000000070ea00000| Untracked 
|  38|0x000000070ec00000, 0x000000070ec00000, 0x000000070ee00000|  0%| F|  |TAMS 0x000000070ec00000, 0x000000070ec00000| Untracked 
|  39|0x000000070ee00000, 0x000000070ee00000, 0x000000070f000000|  0%| F|  |TAMS 0x000000070ee00000, 0x000000070ee00000| Untracked 
|  40|0x000000070f000000, 0x000000070f000000, 0x000000070f200000|  0%| F|  |TAMS 0x000000070f000000, 0x000000070f000000| Untracked 
|  41|0x000000070f200000, 0x000000070f200000, 0x000000070f400000|  0%| F|  |TAMS 0x000000070f200000, 0x000000070f200000| Untracked 
|  42|0x000000070f400000, 0x000000070f400000, 0x000000070f600000|  0%| F|  |TAMS 0x000000070f400000, 0x000000070f400000| Untracked 
|  43|0x000000070f600000, 0x000000070f600000, 0x000000070f800000|  0%| F|  |TAMS 0x000000070f600000, 0x000000070f600000| Untracked 
|  44|0x000000070f800000, 0x000000070f800000, 0x000000070fa00000|  0%| F|  |TAMS 0x000000070f800000, 0x000000070f800000| Untracked 
|  45|0x000000070fa00000, 0x000000070fa00000, 0x000000070fc00000|  0%| F|  |TAMS 0x000000070fa00000, 0x000000070fa00000| Untracked 
|  46|0x000000070fc00000, 0x000000070fc00000, 0x000000070fe00000|  0%| F|  |TAMS 0x000000070fc00000, 0x000000070fc00000| Untracked 
|  47|0x000000070fe00000, 0x000000070fe00000, 0x0000000710000000|  0%| F|  |TAMS 0x000000070fe00000, 0x000000070fe00000| Untracked 
|  48|0x0000000710000000, 0x0000000710000000, 0x0000000710200000|  0%| F|  |TAMS 0x0000000710000000, 0x0000000710000000| Untracked 
|  49|0x0000000710200000, 0x0000000710200000, 0x0000000710400000|  0%| F|  |TAMS 0x0000000710200000, 0x0000000710200000| Untracked 
|  50|0x0000000710400000, 0x0000000710400000, 0x0000000710600000|  0%| F|  |TAMS 0x0000000710400000, 0x0000000710400000| Untracked 
|  51|0x0000000710600000, 0x0000000710600000, 0x0000000710800000|  0%| F|  |TAMS 0x0000000710600000, 0x0000000710600000| Untracked 
|  52|0x0000000710800000, 0x0000000710800000, 0x0000000710a00000|  0%| F|  |TAMS 0x0000000710800000, 0x0000000710800000| Untracked 
|  53|0x0000000710a00000, 0x0000000710a00000, 0x0000000710c00000|  0%| F|  |TAMS 0x0000000710a00000, 0x0000000710a00000| Untracked 
|  54|0x0000000710c00000, 0x0000000710c00000, 0x0000000710e00000|  0%| F|  |TAMS 0x0000000710c00000, 0x0000000710c00000| Untracked 
|  55|0x0000000710e00000, 0x0000000710e00000, 0x0000000711000000|  0%| F|  |TAMS 0x0000000710e00000, 0x0000000710e00000| Untracked 
|  56|0x0000000711000000, 0x0000000711000000, 0x0000000711200000|  0%| F|  |TAMS 0x0000000711000000, 0x0000000711000000| Untracked 
|  57|0x0000000711200000, 0x0000000711200000, 0x0000000711400000|  0%| F|  |TAMS 0x0000000711200000, 0x0000000711200000| Untracked 
|  58|0x0000000711400000, 0x0000000711400000, 0x0000000711600000|  0%| F|  |TAMS 0x0000000711400000, 0x0000000711400000| Untracked 
|  59|0x0000000711600000, 0x0000000711600000, 0x0000000711800000|  0%| F|  |TAMS 0x0000000711600000, 0x0000000711600000| Untracked 
|  60|0x0000000711800000, 0x0000000711800000, 0x0000000711a00000|  0%| F|  |TAMS 0x0000000711800000, 0x0000000711800000| Untracked 
|  61|0x0000000711a00000, 0x0000000711a00000, 0x0000000711c00000|  0%| F|  |TAMS 0x0000000711a00000, 0x0000000711a00000| Untracked 
|  62|0x0000000711c00000, 0x0000000711c00000, 0x0000000711e00000|  0%| F|  |TAMS 0x0000000711c00000, 0x0000000711c00000| Untracked 
|  63|0x0000000711e00000, 0x0000000711e00000, 0x0000000712000000|  0%| F|  |TAMS 0x0000000711e00000, 0x0000000711e00000| Untracked 
|  64|0x0000000712000000, 0x0000000712000000, 0x0000000712200000|  0%| F|  |TAMS 0x0000000712000000, 0x0000000712000000| Untracked 
|  65|0x0000000712200000, 0x0000000712200000, 0x0000000712400000|  0%| F|  |TAMS 0x0000000712200000, 0x0000000712200000| Untracked 
|  66|0x0000000712400000, 0x0000000712400000, 0x0000000712600000|  0%| F|  |TAMS 0x0000000712400000, 0x0000000712400000| Untracked 
|  67|0x0000000712600000, 0x0000000712600000, 0x0000000712800000|  0%| F|  |TAMS 0x0000000712600000, 0x0000000712600000| Untracked 
|  68|0x0000000712800000, 0x0000000712800000, 0x0000000712a00000|  0%| F|  |TAMS 0x0000000712800000, 0x0000000712800000| Untracked 
|  69|0x0000000712a00000, 0x0000000712a00000, 0x0000000712c00000|  0%| F|  |TAMS 0x0000000712a00000, 0x0000000712a00000| Untracked 
|  70|0x0000000712c00000, 0x0000000712c00000, 0x0000000712e00000|  0%| F|  |TAMS 0x0000000712c00000, 0x0000000712c00000| Untracked 
|  71|0x0000000712e00000, 0x0000000712e00000, 0x0000000713000000|  0%| F|  |TAMS 0x0000000712e00000, 0x0000000712e00000| Untracked 
|  72|0x0000000713000000, 0x0000000713000000, 0x0000000713200000|  0%| F|  |TAMS 0x0000000713000000, 0x0000000713000000| Untracked 
|  73|0x0000000713200000, 0x0000000713200000, 0x0000000713400000|  0%| F|  |TAMS 0x0000000713200000, 0x0000000713200000| Untracked 
|  74|0x0000000713400000, 0x0000000713400000, 0x0000000713600000|  0%| F|  |TAMS 0x0000000713400000, 0x0000000713400000| Untracked 
|  75|0x0000000713600000, 0x0000000713600000, 0x0000000713800000|  0%| F|  |TAMS 0x0000000713600000, 0x0000000713600000| Untracked 
|  76|0x0000000713800000, 0x0000000713800000, 0x0000000713a00000|  0%| F|  |TAMS 0x0000000713800000, 0x0000000713800000| Untracked 
|  77|0x0000000713a00000, 0x0000000713a00000, 0x0000000713c00000|  0%| F|  |TAMS 0x0000000713a00000, 0x0000000713a00000| Untracked 
|  78|0x0000000713c00000, 0x0000000713c00000, 0x0000000713e00000|  0%| F|  |TAMS 0x0000000713c00000, 0x0000000713c00000| Untracked 
|  79|0x0000000713e00000, 0x0000000713e00000, 0x0000000714000000|  0%| F|  |TAMS 0x0000000713e00000, 0x0000000713e00000| Untracked 
|  80|0x0000000714000000, 0x0000000714000000, 0x0000000714200000|  0%| F|  |TAMS 0x0000000714000000, 0x0000000714000000| Untracked 
|  81|0x0000000714200000, 0x0000000714200000, 0x0000000714400000|  0%| F|  |TAMS 0x0000000714200000, 0x0000000714200000| Untracked 
|  82|0x0000000714400000, 0x0000000714400000, 0x0000000714600000|  0%| F|  |TAMS 0x0000000714400000, 0x0000000714400000| Untracked 
|  83|0x0000000714600000, 0x0000000714600000, 0x0000000714800000|  0%| F|  |TAMS 0x0000000714600000, 0x0000000714600000| Untracked 
|  84|0x0000000714800000, 0x0000000714800000, 0x0000000714a00000|  0%| F|  |TAMS 0x0000000714800000, 0x0000000714800000| Untracked 
|  85|0x0000000714a00000, 0x0000000714a00000, 0x0000000714c00000|  0%| F|  |TAMS 0x0000000714a00000, 0x0000000714a00000| Untracked 
|  86|0x0000000714c00000, 0x0000000714c00000, 0x0000000714e00000|  0%| F|  |TAMS 0x0000000714c00000, 0x0000000714c00000| Untracked 
|  87|0x0000000714e00000, 0x0000000714e00000, 0x0000000715000000|  0%| F|  |TAMS 0x0000000714e00000, 0x0000000714e00000| Untracked 
|  88|0x0000000715000000, 0x0000000715000000, 0x0000000715200000|  0%| F|  |TAMS 0x0000000715000000, 0x0000000715000000| Untracked 
|  89|0x0000000715200000, 0x0000000715200000, 0x0000000715400000|  0%| F|  |TAMS 0x0000000715200000, 0x0000000715200000| Untracked 
|  90|0x0000000715400000, 0x0000000715400000, 0x0000000715600000|  0%| F|  |TAMS 0x0000000715400000, 0x0000000715400000| Untracked 
|  91|0x0000000715600000, 0x0000000715600000, 0x0000000715800000|  0%| F|  |TAMS 0x0000000715600000, 0x0000000715600000| Untracked 
|  92|0x0000000715800000, 0x0000000715800000, 0x0000000715a00000|  0%| F|  |TAMS 0x0000000715800000, 0x0000000715800000| Untracked 
|  93|0x0000000715a00000, 0x0000000715a00000, 0x0000000715c00000|  0%| F|  |TAMS 0x0000000715a00000, 0x0000000715a00000| Untracked 
|  94|0x0000000715c00000, 0x0000000715c00000, 0x0000000715e00000|  0%| F|  |TAMS 0x0000000715c00000, 0x0000000715c00000| Untracked 
|  95|0x0000000715e00000, 0x0000000715e00000, 0x0000000716000000|  0%| F|  |TAMS 0x0000000715e00000, 0x0000000715e00000| Untracked 
|  96|0x0000000716000000, 0x0000000716000000, 0x0000000716200000|  0%| F|  |TAMS 0x0000000716000000, 0x0000000716000000| Untracked 
|  97|0x0000000716200000, 0x0000000716200000, 0x0000000716400000|  0%| F|  |TAMS 0x0000000716200000, 0x0000000716200000| Untracked 
|  98|0x0000000716400000, 0x0000000716400000, 0x0000000716600000|  0%| F|  |TAMS 0x0000000716400000, 0x0000000716400000| Untracked 
|  99|0x0000000716600000, 0x0000000716600000, 0x0000000716800000|  0%| F|  |TAMS 0x0000000716600000, 0x0000000716600000| Untracked 
| 100|0x0000000716800000, 0x0000000716800000, 0x0000000716a00000|  0%| F|  |TAMS 0x0000000716800000, 0x0000000716800000| Untracked 
| 101|0x0000000716a00000, 0x0000000716a00000, 0x0000000716c00000|  0%| F|  |TAMS 0x0000000716a00000, 0x0000000716a00000| Untracked 
| 102|0x0000000716c00000, 0x0000000716c00000, 0x0000000716e00000|  0%| F|  |TAMS 0x0000000716c00000, 0x0000000716c00000| Untracked 
| 103|0x0000000716e00000, 0x0000000716e00000, 0x0000000717000000|  0%| F|  |TAMS 0x0000000716e00000, 0x0000000716e00000| Untracked 
| 104|0x0000000717000000, 0x0000000717000000, 0x0000000717200000|  0%| F|  |TAMS 0x0000000717000000, 0x0000000717000000| Untracked 
| 105|0x0000000717200000, 0x0000000717200000, 0x0000000717400000|  0%| F|  |TAMS 0x0000000717200000, 0x0000000717200000| Untracked 
| 106|0x0000000717400000, 0x0000000717400000, 0x0000000717600000|  0%| F|  |TAMS 0x0000000717400000, 0x0000000717400000| Untracked 
| 107|0x0000000717600000, 0x0000000717600000, 0x0000000717800000|  0%| F|  |TAMS 0x0000000717600000, 0x0000000717600000| Untracked 
| 108|0x0000000717800000, 0x00000007179d4310, 0x0000000717a00000| 91%| S|CS|TAMS 0x0000000717800000, 0x0000000717800000| Complete 
| 109|0x0000000717a00000, 0x0000000717a00000, 0x0000000717c00000|  0%| F|  |TAMS 0x0000000717a00000, 0x0000000717a00000| Untracked 
| 110|0x0000000717c00000, 0x0000000717c00000, 0x0000000717e00000|  0%| F|  |TAMS 0x0000000717c00000, 0x0000000717c00000| Untracked 
| 111|0x0000000717e00000, 0x0000000717e00000, 0x0000000718000000|  0%| F|  |TAMS 0x0000000717e00000, 0x0000000717e00000| Untracked 
| 112|0x0000000718000000, 0x0000000718000000, 0x0000000718200000|  0%| F|  |TAMS 0x0000000718000000, 0x0000000718000000| Untracked 
| 113|0x0000000718200000, 0x0000000718200000, 0x0000000718400000|  0%| F|  |TAMS 0x0000000718200000, 0x0000000718200000| Untracked 
| 114|0x0000000718400000, 0x0000000718400000, 0x0000000718600000|  0%| F|  |TAMS 0x0000000718400000, 0x0000000718400000| Untracked 
| 115|0x0000000718600000, 0x0000000718600000, 0x0000000718800000|  0%| F|  |TAMS 0x0000000718600000, 0x0000000718600000| Untracked 
| 116|0x0000000718800000, 0x0000000718800000, 0x0000000718a00000|  0%| F|  |TAMS 0x0000000718800000, 0x0000000718800000| Untracked 
| 117|0x0000000718a00000, 0x0000000718ba15e8, 0x0000000718c00000| 81%| E|  |TAMS 0x0000000718a00000, 0x0000000718a00000| Complete 
| 118|0x0000000718c00000, 0x0000000718e00000, 0x0000000718e00000|100%| E|CS|TAMS 0x0000000718c00000, 0x0000000718c00000| Complete 
| 119|0x0000000718e00000, 0x0000000719000000, 0x0000000719000000|100%| E|CS|TAMS 0x0000000718e00000, 0x0000000718e00000| Complete 
| 120|0x0000000719000000, 0x0000000719200000, 0x0000000719200000|100%| E|CS|TAMS 0x0000000719000000, 0x0000000719000000| Complete 
| 121|0x0000000719200000, 0x0000000719400000, 0x0000000719400000|100%| E|CS|TAMS 0x0000000719200000, 0x0000000719200000| Complete 
| 122|0x0000000719400000, 0x0000000719600000, 0x0000000719600000|100%| E|CS|TAMS 0x0000000719400000, 0x0000000719400000| Complete 

Card table byte_map: [0x000002595f890000,0x0000025960040000] _byte_map_base: 0x000002595c040000

Marking Bits (Prev, Next): (CMBitMap*) 0x00000259545b43b0, (CMBitMap*) 0x00000259545b43f0
 Prev Bits: [0x00000259607f0000, 0x0000025964570000)
 Next Bits: [0x0000025964570000, 0x00000259682f0000)

Polling page: 0x0000025953d10000

Metaspace:

Usage:
  Non-class:     11.87 MB used.
      Class:      1.99 MB used.
       Both:     13.86 MB used.

Virtual space:
  Non-class space:       16.00 MB reserved,      12.00 MB ( 75%) committed,  2 nodes.
      Class space:        1.00 GB reserved,       2.06 MB ( <1%) committed,  1 nodes.
             Both:        1.02 GB reserved,      14.06 MB (  1%) committed. 

Chunk freelists:
   Non-Class:  3.95 MB
       Class:  1.94 MB
        Both:  5.89 MB

MaxMetaspaceSize: unlimited
CompressedClassSpaceSize: 1.00 GB
Initial GC threshold: 21.00 MB
Current GC threshold: 21.00 MB
CDS: on
MetaspaceReclaimPolicy: balanced
 - commit_granule_bytes: 65536.
 - commit_granule_words: 8192.
 - virtual_space_node_default_size: 1048576.
 - enlarge_chunks_in_place: 1.
 - new_chunks_are_fully_committed: 0.
 - uncommit_free_chunks: 1.
 - use_allocation_guard: 0.
 - handle_deallocations: 1.


Internal statistics:

num_allocs_failed_limit: 0.
num_arena_births: 192.
num_arena_deaths: 0.
num_vsnodes_births: 3.
num_vsnodes_deaths: 0.
num_space_committed: 225.
num_space_uncommitted: 0.
num_chunks_returned_to_freelist: 0.
num_chunks_taken_from_freelist: 587.
num_chunk_merges: 0.
num_chunk_splits: 391.
num_chunks_enlarged: 303.
num_purges: 0.
num_inconsistent_stats: 0.

CodeCache: size=49152Kb used=5137Kb max_used=5137Kb free=44014Kb
 bounds [0x000002595bdb0000, 0x000002595c2c0000, 0x000002595edb0000]
 total_blobs=2412 nmethods=1931 adapters=406
 compilation: enabled
              stopped_count=0, restarted_count=0
 full_count=0

Compilation events (20 events):
Event: 0.997 Thread 0x000002596bd18a50 nmethod 1920 0x000002595c2af710 code [0x000002595c2af8c0, 0x000002595c2afc08]
Event: 0.997 Thread 0x000002596b00caa0 nmethod 1922 0x000002595c2afd90 code [0x000002595c2aff40, 0x000002595c2b0218]
Event: 0.997 Thread 0x000002596b00caa0 1924       1       jdk.internal.misc.Unsafe::storeStoreFence (5 bytes)
Event: 0.997 Thread 0x000002596bd17070 1923       1       java.lang.invoke.MethodHandleNatives$CallSiteContext::<init> (5 bytes)
Event: 0.997 Thread 0x000002596bd18a50 1925       1       java.lang.invoke.BootstrapMethodInvoker::widenAndCast (47 bytes)
Event: 0.997 Thread 0x000002596b00caa0 nmethod 1924 0x000002595c2b0390 code [0x000002595c2b0520, 0x000002595c2b05d8]
Event: 0.997 Thread 0x000002596bd17070 nmethod 1923 0x000002595c2b0690 code [0x000002595c2b0820, 0x000002595c2b08d8]
Event: 0.997 Thread 0x000002596b00caa0 1926       1       java.lang.invoke.Invokers::callSiteForm (308 bytes)
Event: 0.998 Thread 0x000002596bd18a50 nmethod 1925 0x000002595c2b0990 code [0x000002595c2b0ba0, 0x000002595c2b0fd8]
Event: 0.998 Thread 0x000002596b00caa0 nmethod 1926 0x000002595c2b1210 code [0x000002595c2b14a0, 0x000002595c2b2198]
Event: 1.001 Thread 0x000002596b00caa0 1927       1       jdk.internal.loader.AbstractClassLoaderValue$Sub::equals (55 bytes)
Event: 1.001 Thread 0x000002596bd18a50 1928   !   1       jdk.internal.loader.AbstractClassLoaderValue::get (21 bytes)
Event: 1.001 Thread 0x000002596b00caa0 nmethod 1927 0x000002595c2b2990 code [0x000002595c2b2b40, 0x000002595c2b2dd8]
Event: 1.001 Thread 0x000002596bd18a50 nmethod 1928 0x000002595c2b2f10 code [0x000002595c2b30e0, 0x000002595c2b3328]
Event: 1.003 Thread 0x000002596bd18a50 1929       1       java.lang.reflect.Constructor::copy (72 bytes)
Event: 1.003 Thread 0x000002596bd18a50 nmethod 1929 0x000002595c2b3510 code [0x000002595c2b36c0, 0x000002595c2b39f8]
Event: 1.003 Thread 0x000002596bd18a50 1930       1       java.lang.invoke.MethodType::erase (8 bytes)
Event: 1.003 Thread 0x000002596bd18a50 nmethod 1930 0x000002595c2b3b10 code [0x000002595c2b3ca0, 0x000002595c2b3d78]
Event: 1.005 Thread 0x000002596bd18a50 1931       1       java.net.URI$Parser::scan (76 bytes)
Event: 1.005 Thread 0x000002596bd18a50 nmethod 1931 0x000002595c2b3e10 code [0x000002595c2b3fe0, 0x000002595c2b4358]

GC Heap History (4 events):
Event: 0.588 GC heap before
{Heap before GC invocations=0 (full 0):
 garbage-first heap   total 251904K, used 20480K [0x000000070a000000, 0x0000000800000000)
  region size 2048K, 11 young (22528K), 0 survivors (0K)
 Metaspace       used 7184K, committed 7424K, reserved 1056768K
  class space    used 912K, committed 1024K, reserved 1048576K
}
Event: 0.592 GC heap after
{Heap after GC invocations=1 (full 0):
 garbage-first heap   total 251904K, used 6909K [0x000000070a000000, 0x0000000800000000)
  region size 2048K, 2 young (4096K), 2 survivors (4096K)
 Metaspace       used 7184K, committed 7424K, reserved 1056768K
  class space    used 912K, committed 1024K, reserved 1048576K
}
Event: 0.913 GC heap before
{Heap before GC invocations=1 (full 0):
 garbage-first heap   total 251904K, used 29437K [0x000000070a000000, 0x0000000800000000)
  region size 2048K, 14 young (28672K), 2 survivors (4096K)
 Metaspace       used 12383K, committed 12672K, reserved 1064960K
  class space    used 1712K, committed 1856K, reserved 1048576K
}
Event: 0.917 GC heap after
{Heap after GC invocations=2 (full 0):
 garbage-first heap   total 251904K, used 9121K [0x000000070a000000, 0x0000000800000000)
  region size 2048K, 1 young (2048K), 1 survivors (2048K)
 Metaspace       used 12383K, committed 12672K, reserved 1064960K
  class space    used 1712K, committed 1856K, reserved 1048576K
}

Deoptimization events (2 events):
Event: 0.922 Thread 0x000002595454b9e0 DEOPT PACKING pc=0x000002595c286579 sp=0x0000005bf67fd670
Event: 0.922 Thread 0x000002595454b9e0 DEOPT UNPACKING pc=0x000002595be02b43 sp=0x0000005bf67fcb50 mode 3

Classes unloaded (0 events):
No events

Classes redefined (0 events):
No events

Internal exceptions (20 events):
Event: 0.686 Thread 0x000002595454b9e0 Exception <a 'java/lang/NoSuchMethodError'{0x0000000718e24158}: 'java.lang.Object java.lang.invoke.DirectMethodHandle$Holder.newInvokeSpecial(java.lang.Object, java.lang.Object, java.lang.Object, java.lang.Object, java.lang.Object, java.lang.Object, int)'> (0x0000000718e24158) 
thrown [s\open\src\hotspot\share\interpreter\linkResolver.cpp, line 759]
Event: 0.686 Thread 0x000002595454b9e0 Exception <a 'java/lang/NoSuchMethodError'{0x0000000718e29198}: 'java.lang.Object java.lang.invoke.DirectMethodHandle$Holder.invokeSpecial(java.lang.Object, java.lang.Object, java.lang.Object, java.lang.Object, java.lang.Object, java.lang.Object, java.lang.Object, int)'> (0x0000000718e29198) 
thrown [s\open\src\hotspot\share\interpreter\linkResolver.cpp, line 759]
Event: 0.732 Thread 0x000002595454b9e0 Exception <a 'java/lang/NoSuchMethodError'{0x0000000718c88890}: 'java.lang.Object java.lang.invoke.DirectMethodHandle$Holder.invokeSpecial(java.lang.Object, java.lang.Object, java.lang.Object, int, java.lang.Object)'> (0x0000000718c88890) 
thrown [s\open\src\hotspot\share\interpreter\linkResolver.cpp, line 759]
Event: 0.733 Thread 0x000002595454b9e0 Exception <a 'java/lang/NoSuchMethodError'{0x0000000718c90ef0}: 'java.lang.Object java.lang.invoke.DirectMethodHandle$Holder.newInvokeSpecial(java.lang.Object, java.lang.Object, java.lang.Object, int, java.lang.Object)'> (0x0000000718c90ef0) 
thrown [s\open\src\hotspot\share\interpreter\linkResolver.cpp, line 759]
Event: 0.733 Thread 0x000002595454b9e0 Exception <a 'java/lang/NoSuchMethodError'{0x0000000718c988c0}: 'java.lang.Object java.lang.invoke.Invokers$Holder.linkToTargetMethod(java.lang.Object, java.lang.Object, int, java.lang.Object, java.lang.Object)'> (0x0000000718c988c0) 
thrown [s\open\src\hotspot\share\interpreter\linkResolver.cpp, line 759]
Event: 0.735 Thread 0x000002595454b9e0 Exception <a 'java/lang/NoSuchMethodError'{0x0000000718ca7c40}: 'java.lang.Object java.lang.invoke.DirectMethodHandle$Holder.newInvokeSpecial(java.lang.Object, int, java.lang.Object)'> (0x0000000718ca7c40) 
thrown [s\open\src\hotspot\share\interpreter\linkResolver.cpp, line 759]
Event: 0.735 Thread 0x000002595454b9e0 Exception <a 'java/lang/NoSuchMethodError'{0x0000000718cac680}: 'int java.lang.invoke.DirectMethodHandle$Holder.invokeSpecialIFC(java.lang.Object, java.lang.Object, java.lang.Object, java.lang.Object)'> (0x0000000718cac680) 
thrown [s\open\src\hotspot\share\interpreter\linkResolver.cpp, line 759]
Event: 0.748 Thread 0x000002595454b9e0 Exception <a 'java/lang/NoSuchMethodError'{0x0000000718d81c30}: 'void java.lang.invoke.DirectMethodHandle$Holder.invokeInterface(java.lang.Object, java.lang.Object, java.lang.Object)'> (0x0000000718d81c30) 
thrown [s\open\src\hotspot\share\interpreter\linkResolver.cpp, line 759]
Event: 0.773 Thread 0x000002595454b9e0 Exception <a 'java/lang/NoSuchMethodError'{0x0000000718ad5210}: 'void java.lang.invoke.DirectMethodHandle$Holder.invokeStatic(java.lang.Object, java.lang.Object, int)'> (0x0000000718ad5210) 
thrown [s\open\src\hotspot\share\interpreter\linkResolver.cpp, line 759]
Event: 0.774 Thread 0x000002595454b9e0 Exception <a 'java/lang/NoSuchMethodError'{0x0000000718add0b8}: 'void java.lang.invoke.DirectMethodHandle$Holder.invokeStaticInit(java.lang.Object, java.lang.Object)'> (0x0000000718add0b8) 
thrown [s\open\src\hotspot\share\interpreter\linkResolver.cpp, line 759]
Event: 0.775 Thread 0x000002595454b9e0 Exception <a 'java/lang/NoSuchMethodError'{0x0000000718aec5d0}: 'void java.lang.invoke.DirectMethodHandle$Holder.invokeStaticInit(java.lang.Object, java.lang.Object, java.lang.Object)'> (0x0000000718aec5d0) 
thrown [s\open\src\hotspot\share\interpreter\linkResolver.cpp, line 759]
Event: 0.778 Thread 0x000002595454b9e0 Exception <a 'java/lang/NoSuchMethodError'{0x0000000718b28c48}: 'java.lang.Object java.lang.invoke.DirectMethodHandle$Holder.invokeStatic(java.lang.Object, java.lang.Object, long, java.lang.Object)'> (0x0000000718b28c48) 
thrown [s\open\src\hotspot\share\interpreter\linkResolver.cpp, line 759]
Event: 0.779 Thread 0x000002595454b9e0 Exception <a 'java/lang/NoSuchMethodError'{0x0000000718b2c6e0}: 'java.lang.Object java.lang.invoke.DirectMethodHandle$Holder.invokeStaticInit(java.lang.Object, java.lang.Object, long, java.lang.Object)'> (0x0000000718b2c6e0) 
thrown [s\open\src\hotspot\share\interpreter\linkResolver.cpp, line 759]
Event: 0.779 Thread 0x000002595454b9e0 Exception <a 'java/lang/NoSuchMethodError'{0x0000000718b32cf0}: 'java.lang.Object java.lang.invoke.DirectMethodHandle$Holder.newInvokeSpecial(java.lang.Object, java.lang.Object, long)'> (0x0000000718b32cf0) 
thrown [s\open\src\hotspot\share\interpreter\linkResolver.cpp, line 759]
Event: 0.779 Thread 0x000002595454b9e0 Exception <a 'java/lang/NoSuchMethodError'{0x0000000718b36860}: 'java.lang.Object java.lang.invoke.Invokers$Holder.linkToTargetMethod(java.lang.Object, long, java.lang.Object)'> (0x0000000718b36860) 
thrown [s\open\src\hotspot\share\interpreter\linkResolver.cpp, line 759]
Event: 0.786 Thread 0x000002595454b9e0 Exception <a 'java/lang/NoSuchMethodError'{0x0000000718b883a8}: 'void java.lang.invoke.DirectMethodHandle$Holder.invokeVirtual(java.lang.Object, java.lang.Object, java.lang.Object, java.lang.Object)'> (0x0000000718b883a8) 
thrown [s\open\src\hotspot\share\interpreter\linkResolver.cpp, line 759]
Event: 0.809 Thread 0x000002595454b9e0 Exception <a 'java/lang/NoSuchMethodError'{0x00000007188fa6a0}: 'void java.lang.invoke.DirectMethodHandle$Holder.invokeSpecial(java.lang.Object, java.lang.Object, java.lang.Object)'> (0x00000007188fa6a0) 
thrown [s\open\src\hotspot\share\interpreter\linkResolver.cpp, line 759]
Event: 0.810 Thread 0x000002595454b9e0 Exception <a 'java/lang/NoSuchMethodError'{0x0000000718900c78}: 'void java.lang.invoke.DirectMethodHandle$Holder.invokeSpecial(java.lang.Object, java.lang.Object, java.lang.Object, java.lang.Object, java.lang.Object)'> (0x0000000718900c78) 
thrown [s\open\src\hotspot\share\interpreter\linkResolver.cpp, line 759]
Event: 0.816 Thread 0x000002595454b9e0 Exception <a 'java/lang/IncompatibleClassChangeError'{0x000000071892de90}: Found class java.lang.Object, but interface was expected> (0x000000071892de90) 
thrown [s\open\src\hotspot\share\interpreter\linkResolver.cpp, line 826]
Event: 1.005 Thread 0x000002595454b9e0 Exception <a 'java/lang/NoSuchMethodError'{0x0000000718aac200}: 'int java.lang.invoke.DirectMethodHandle$Holder.invokeSpecial(java.lang.Object, java.lang.Object, java.lang.Object, java.lang.Object, java.lang.Object)'> (0x0000000718aac200) 
thrown [s\open\src\hotspot\share\interpreter\linkResolver.cpp, line 759]

VM Operations (20 events):
Event: 0.586 Executing VM operation: HandshakeAllThreads
Event: 0.586 Executing VM operation: HandshakeAllThreads done
Event: 0.587 Executing VM operation: G1CollectForAllocation
Event: 0.592 Executing VM operation: G1CollectForAllocation done
Event: 0.716 Executing VM operation: HandshakeAllThreads
Event: 0.716 Executing VM operation: HandshakeAllThreads done
Event: 0.803 Executing VM operation: HandshakeAllThreads
Event: 0.803 Executing VM operation: HandshakeAllThreads done
Event: 0.807 Executing VM operation: HandshakeAllThreads
Event: 0.807 Executing VM operation: HandshakeAllThreads done
Event: 0.881 Executing VM operation: HandshakeAllThreads
Event: 0.881 Executing VM operation: HandshakeAllThreads done
Event: 0.886 Executing VM operation: ICBufferFull
Event: 0.886 Executing VM operation: ICBufferFull done
Event: 0.913 Executing VM operation: G1CollectForAllocation
Event: 0.917 Executing VM operation: G1CollectForAllocation done
Event: 0.964 Executing VM operation: HandshakeAllThreads
Event: 0.964 Executing VM operation: HandshakeAllThreads done
Event: 0.995 Executing VM operation: HandshakeAllThreads
Event: 0.995 Executing VM operation: HandshakeAllThreads done

Events (20 events):
Event: 0.998 loading class java/net/SocketException
Event: 0.998 loading class java/net/SocketException done
Event: 1.001 loading class sun/reflect/annotation/TypeAnnotation$TypeAnnotationTarget
Event: 1.001 loading class sun/reflect/annotation/TypeAnnotation$TypeAnnotationTarget done
Event: 1.001 loading class sun/reflect/annotation/TypeAnnotationParser
Event: 1.001 loading class sun/reflect/annotation/TypeAnnotationParser done
Event: 1.001 loading class sun/reflect/annotation/TypeAnnotation
Event: 1.001 loading class sun/reflect/annotation/TypeAnnotation done
Event: 1.001 loading class sun/reflect/annotation/TypeAnnotation$LocationInfo
Event: 1.001 loading class sun/reflect/annotation/TypeAnnotation$LocationInfo done
Event: 1.001 loading class sun/reflect/annotation/TypeAnnotation$LocationInfo$Location
Event: 1.001 loading class sun/reflect/annotation/TypeAnnotation$LocationInfo$Location done
Event: 1.001 loading class sun/reflect/annotation/AnnotatedTypeFactory
Event: 1.001 loading class sun/reflect/annotation/AnnotatedTypeFactory done
Event: 1.001 loading class sun/reflect/annotation/AnnotatedTypeFactory$AnnotatedTypeBaseImpl
Event: 1.001 loading class sun/reflect/annotation/AnnotatedTypeFactory$AnnotatedTypeBaseImpl done
Event: 1.001 loading class java/lang/reflect/AnnotatedParameterizedType
Event: 1.001 loading class java/lang/reflect/AnnotatedParameterizedType done
Event: 1.001 loading class java/lang/reflect/AnnotatedArrayType
Event: 1.001 loading class java/lang/reflect/AnnotatedArrayType done


Dynamic libraries:
0x00007ff62ed80000 - 0x00007ff62ed90000 	C:\Program Files\Java\jdk-17.0.5\bin\java.exe
0x00007ffe04090000 - 0x00007ffe042a4000 	C:\WINDOWS\SYSTEM32\ntdll.dll
0x00007ffe03040000 - 0x00007ffe03104000 	C:\WINDOWS\System32\KERNEL32.DLL
0x00007ffe01690000 - 0x00007ffe01a34000 	C:\WINDOWS\System32\KERNELBASE.dll
0x00007ffe01d30000 - 0x00007ffe01e41000 	C:\WINDOWS\System32\ucrtbase.dll
0x00007ffdfac10000 - 0x00007ffdfac2a000 	C:\Program Files\Java\jdk-17.0.5\bin\VCRUNTIME140.dll
0x00007ffdfabf0000 - 0x00007ffdfac08000 	C:\Program Files\Java\jdk-17.0.5\bin\jli.dll
0x00007ffe025a0000 - 0x00007ffe02650000 	C:\WINDOWS\System32\ADVAPI32.dll
0x00007ffe028a0000 - 0x00007ffe02947000 	C:\WINDOWS\System32\msvcrt.dll
0x00007ffe03c80000 - 0x00007ffe03d26000 	C:\WINDOWS\System32\sechost.dll
0x00007ffe01e60000 - 0x00007ffe01f77000 	C:\WINDOWS\System32\RPCRT4.dll
0x00007ffe02e30000 - 0x00007ffe02fda000 	C:\WINDOWS\System32\USER32.dll
0x00007ffe015e0000 - 0x00007ffe01606000 	C:\WINDOWS\System32\win32u.dll
0x00007ffde6570000 - 0x00007ffde67ff000 	C:\WINDOWS\WinSxS\amd64_microsoft.windows.common-controls_6595b64144ccf1df_6.0.22621.2070_none_2713e6537381f706\COMCTL32.dll
0x00007ffe01f80000 - 0x00007ffe01fa9000 	C:\WINDOWS\System32\GDI32.dll
0x00007ffe01b70000 - 0x00007ffe01c89000 	C:\WINDOWS\System32\gdi32full.dll
0x00007ffe01c90000 - 0x00007ffe01d2a000 	C:\WINDOWS\System32\msvcp_win.dll
0x00007ffdf6d10000 - 0x00007ffdf6d1a000 	C:\WINDOWS\SYSTEM32\VERSION.dll
0x00007ffe04010000 - 0x00007ffe04041000 	C:\WINDOWS\System32\IMM32.DLL
0x00007ffdfabe0000 - 0x00007ffdfabec000 	C:\Program Files\Java\jdk-17.0.5\bin\vcruntime140_1.dll
0x00007ffdfa930000 - 0x00007ffdfa9bd000 	C:\Program Files\Java\jdk-17.0.5\bin\msvcp140.dll
0x00007ffd6c690000 - 0x00007ffd6d252000 	C:\Program Files\Java\jdk-17.0.5\bin\server\jvm.dll
0x00007ffe026d0000 - 0x00007ffe026d8000 	C:\WINDOWS\System32\PSAPI.DLL
0x00007ffdd6aa0000 - 0x00007ffdd6aa9000 	C:\WINDOWS\SYSTEM32\WSOCK32.dll
0x00007ffdfde30000 - 0x00007ffdfde64000 	C:\WINDOWS\SYSTEM32\WINMM.dll
0x00007ffe02650000 - 0x00007ffe026c1000 	C:\WINDOWS\System32\WS2_32.dll
0x00007ffe00430000 - 0x00007ffe00448000 	C:\WINDOWS\SYSTEM32\kernel.appcore.dll
0x00007ffdfabd0000 - 0x00007ffdfabda000 	C:\Program Files\Java\jdk-17.0.5\bin\jimage.dll
0x00007ffdfe960000 - 0x00007ffdfeb8e000 	C:\WINDOWS\SYSTEM32\DBGHELP.DLL
0x00007ffe02170000 - 0x00007ffe024fa000 	C:\WINDOWS\System32\combase.dll
0x00007ffe03f30000 - 0x00007ffe04007000 	C:\WINDOWS\System32\OLEAUT32.dll
0x00007ffde07f0000 - 0x00007ffde0822000 	C:\WINDOWS\SYSTEM32\dbgcore.DLL
0x00007ffe01610000 - 0x00007ffe0168a000 	C:\WINDOWS\System32\bcryptPrimitives.dll
0x00007ffdfdeb0000 - 0x00007ffdfdebe000 	C:\Program Files\Java\jdk-17.0.5\bin\instrument.dll
0x00007ffdfa900000 - 0x00007ffdfa925000 	C:\Program Files\Java\jdk-17.0.5\bin\java.dll
0x00007ffdfa820000 - 0x00007ffdfa8f6000 	C:\Program Files\Java\jdk-17.0.5\bin\jsvml.dll
0x00007ffe031b0000 - 0x00007ffe039c6000 	C:\WINDOWS\System32\SHELL32.dll
0x00007ffdff290000 - 0x00007ffdffb7a000 	C:\WINDOWS\SYSTEM32\windows.storage.dll
0x00007ffdffbb0000 - 0x00007ffdffcee000 	C:\WINDOWS\SYSTEM32\wintypes.dll
0x00007ffe039d0000 - 0x00007ffe03ac3000 	C:\WINDOWS\System32\SHCORE.dll
0x00007ffe03d30000 - 0x00007ffe03d8e000 	C:\WINDOWS\System32\shlwapi.dll
0x00007ffe013a0000 - 0x00007ffe013c6000 	C:\WINDOWS\SYSTEM32\profapi.dll
0x00007ffdfa7e0000 - 0x00007ffdfa7f8000 	C:\Program Files\Java\jdk-17.0.5\bin\zip.dll
0x00007ffdfabb0000 - 0x00007ffdfabc9000 	C:\Program Files\Java\jdk-17.0.5\bin\net.dll
0x00007ffdf9780000 - 0x00007ffdf98b7000 	C:\WINDOWS\SYSTEM32\WINHTTP.dll
0x00007ffe00910000 - 0x00007ffe00979000 	C:\WINDOWS\system32\mswsock.dll
0x00007ffdfa800000 - 0x00007ffdfa816000 	C:\Program Files\Java\jdk-17.0.5\bin\nio.dll
0x00007ffdfcec0000 - 0x00007ffdfceda000 	C:\Program Files\JetBrains\IntelliJ IDEA 2023.1.4\bin\breakgen64.dll
0x00007ffdfffb0000 - 0x00007ffe000a3000 	C:\WINDOWS\SYSTEM32\DNSAPI.dll
0x00007ffdfff40000 - 0x00007ffdfff6d000 	C:\WINDOWS\SYSTEM32\IPHLPAPI.DLL
0x00007ffe02dd0000 - 0x00007ffe02dd9000 	C:\WINDOWS\System32\NSI.dll
0x00007ffdfaf10000 - 0x00007ffdfaf1a000 	C:\Windows\System32\rasadhlp.dll
0x00007ffdf8c60000 - 0x00007ffdf8ce4000 	C:\WINDOWS\System32\fwpuclnt.dll
0x00007ffdfaec0000 - 0x00007ffdfaec9000 	C:\Program Files\Java\jdk-17.0.5\bin\management.dll
0x00007ffdfaab0000 - 0x00007ffdfaabb000 	C:\Program Files\Java\jdk-17.0.5\bin\management_ext.dll
0x00007ffe00b90000 - 0x00007ffe00bab000 	C:\WINDOWS\SYSTEM32\CRYPTSP.dll
0x00007ffe003f0000 - 0x00007ffe00425000 	C:\WINDOWS\system32\rsaenh.dll
0x00007ffe00a20000 - 0x00007ffe00a4c000 	C:\WINDOWS\SYSTEM32\USERENV.dll
0x00007ffe00d40000 - 0x00007ffe00d68000 	C:\WINDOWS\SYSTEM32\bcrypt.dll
0x00007ffe00b80000 - 0x00007ffe00b8c000 	C:\WINDOWS\SYSTEM32\CRYPTBASE.dll
0x00007ffdf9570000 - 0x00007ffdf9589000 	C:\WINDOWS\SYSTEM32\dhcpcsvc6.DLL
0x00007ffdf9550000 - 0x00007ffdf956f000 	C:\WINDOWS\SYSTEM32\dhcpcsvc.DLL
0x00007ffdd0400000 - 0x00007ffdd0417000 	C:\WINDOWS\system32\napinsp.dll
0x00007ffdd03e0000 - 0x00007ffdd03fb000 	C:\WINDOWS\system32\pnrpnsp.dll
0x00007ffdd00b0000 - 0x00007ffdd00c1000 	C:\WINDOWS\System32\winrnr.dll
0x00007ffdf9510000 - 0x00007ffdf9525000 	C:\WINDOWS\system32\wshbth.dll
0x00007ffdc9f50000 - 0x00007ffdc9f71000 	C:\WINDOWS\system32\nlansp_c.dll

dbghelp: loaded successfully - version: 4.0.5 - missing functions: none
symbol engine: initialized successfully - sym options: 0x614 - pdb path: .;C:\Program Files\Java\jdk-17.0.5\bin;C:\WINDOWS\SYSTEM32;C:\WINDOWS\WinSxS\amd64_microsoft.windows.common-controls_6595b64144ccf1df_6.0.22621.2070_none_2713e6537381f706;C:\Program Files\Java\jdk-17.0.5\bin\server;C:\Program Files\JetBrains\IntelliJ IDEA 2023.1.4\bin

VM Arguments:
jvm_args: -XX:TieredStopAtLevel=1 -Dspring.output.ansi.enabled=always -Dcom.sun.management.jmxremote -Dspring.jmx.enabled=true -Dspring.liveBeansView.mbeanDomain -Dspring.application.admin.enabled=true -Dmanagement.endpoints.jmx.exposure.include=* -javaagent:C:\Program Files\JetBrains\IntelliJ IDEA 2023.1.4\lib\idea_rt.jar=63508:C:\Program Files\JetBrains\IntelliJ IDEA 2023.1.4\bin -Dfile.encoding=UTF-8 
java_command: yte.intern.springsecurity.SpringSecurityApplication
java_class_path (initial): C:\Users\salih\Desktop\Salih\Belgeler\VSCCode\Java\Spring_Framework\spring-security\target\classes;C:\Users\salih\.m2\repository\org\springframework\boot\spring-boot-starter-data-jpa\3.1.2\spring-boot-starter-data-jpa-3.1.2.jar;C:\Users\salih\.m2\repository\org\springframework\boot\spring-boot-starter-aop\3.1.2\spring-boot-starter-aop-3.1.2.jar;C:\Users\salih\.m2\repository\org\aspectj\aspectjweaver\1.9.19\aspectjweaver-1.9.19.jar;C:\Users\salih\.m2\repository\org\springframework\boot\spring-boot-starter-jdbc\3.1.2\spring-boot-starter-jdbc-3.1.2.jar;C:\Users\salih\.m2\repository\com\zaxxer\HikariCP\5.0.1\HikariCP-5.0.1.jar;C:\Users\salih\.m2\repository\org\springframework\spring-jdbc\6.0.11\spring-jdbc-6.0.11.jar;C:\Users\salih\.m2\repository\org\hibernate\orm\hibernate-core\6.2.6.Final\hibernate-core-6.2.6.Final.jar;C:\Users\salih\.m2\repository\jakarta\persistence\jakarta.persistence-api\3.1.0\jakarta.persistence-api-3.1.0.jar;C:\Users\salih\.m2\repository\jakarta\transaction\jakarta.transaction-api\2.0.1\jakarta.transaction-api-2.0.1.jar;C:\Users\salih\.m2\repository\org\jboss\logging\jboss-logging\3.5.3.Final\jboss-logging-3.5.3.Final.jar;C:\Users\salih\.m2\repository\org\hibernate\common\hibernate-commons-annotations\6.0.6.Final\hibernate-commons-annotations-6.0.6.Final.jar;C:\Users\salih\.m2\repository\io\smallrye\jandex\3.0.5\jandex-3.0.5.jar;C:\Users\salih\.m2\repository\com\fasterxml\classmate\1.5.1\classmate-1.5.1.jar;C:\Users\salih\.m2\repository\net\bytebuddy\byte-buddy\1.14.5\byte-buddy-1.14.5.jar;C:\Users\salih\.m2\repository\org\glassfish\jaxb\jaxb-runtime\4.0.3\jaxb-runtime-4.0.3.jar;C:\Users\salih\.m2\repository\org\glassfish\jaxb\jaxb-core\4.0.3\jaxb-core-4.0.3.jar;C:\Users\salih\.m2\repository\org\eclipse\angus\angus-activation\2.0.1\angus-activation-2.0.1.jar;C:\Users\salih\.m2\repository\org\glassfish\jaxb\txw2\4.0.3\txw2-4.0.3.jar;C:\Users\salih\.m2\repository\com\sun\istack\istack-commons-runtime\4.1.2\istack-commo
Launcher Type: SUN_STANDARD

[Global flags]
     intx CICompilerCount                          = 4                                         {product} {ergonomic}
     uint ConcGCThreads                            = 3                                         {product} {ergonomic}
     uint G1ConcRefinementThreads                  = 10                                        {product} {ergonomic}
   size_t G1HeapRegionSize                         = 2097152                                   {product} {ergonomic}
    uintx GCDrainStackTargetSize                   = 64                                        {product} {ergonomic}
   size_t InitialHeapSize                          = 257949696                                 {product} {ergonomic}
     bool ManagementServer                         = true                                      {product} {command line}
   size_t MarkStackSize                            = 4194304                                   {product} {ergonomic}
   size_t MaxHeapSize                              = 4127195136                                {product} {ergonomic}
   size_t MaxNewSize                               = 2474639360                                {product} {ergonomic}
   size_t MinHeapDeltaBytes                        = 2097152                                   {product} {ergonomic}
   size_t MinHeapSize                              = 8388608                                   {product} {ergonomic}
    uintx NonProfiledCodeHeapSize                  = 0                                      {pd product} {ergonomic}
     bool ProfileInterpreter                       = false                                  {pd product} {command line}
    uintx ProfiledCodeHeapSize                     = 0                                      {pd product} {ergonomic}
   size_t SoftMaxHeapSize                          = 4127195136                             {manageable} {ergonomic}
     intx TieredStopAtLevel                        = 1                                         {product} {command line}
     bool UseCompressedClassPointers               = true                           {product lp64_product} {ergonomic}
     bool UseCompressedOops                        = true                           {product lp64_product} {ergonomic}
     bool UseG1GC                                  = true                                      {product} {ergonomic}
     bool UseLargePagesIndividualAllocation        = false                                  {pd product} {ergonomic}

Logging:
Log output configuration:
 #0: stdout all=warning uptime,level,tags
 #1: stderr all=off uptime,level,tags

Environment Variables:
PATH=C:\Program Files\Common Files\Oracle\Java\javapath;C:\WINDOWS\system32;C:\WINDOWS;C:\WINDOWS\System32\Wbem;C:\WINDOWS\System32\WindowsPowerShell\v1.0\;C:\WINDOWS\System32\OpenSSH\;C:\Program Files\dotnet\;C:\MinGW\bin;D:\Programlar\CMake\bin;C:\Program Files\Microsoft SQL Server\110\Tools\Binn\;C:\Program Files\Git\cmd;C:\Python27;C:\Python27\Scripts;C:\Python3;C:\Python3\Scripts;C:\Program Files\usbipd-win\;D:\Programlar\nodejs\;C:\ProgramData\chocolatey\bin;;C:\Program Files\nodejs\;C:\Program Files\Docker\Docker\resources\bin;C:\Users\salih\AppData\Local\Programs\Python\Python311\Scripts\;C:\Users\salih\AppData\Local\Programs\Python\Python311\;C:\Users\salih\AppData\Local\Packages\PythonSoftwareFoundation.Python.3.10_qbz5n2kfra8p0\LocalCache\local-packages\Python310\Scripts;C:\Users\salih\AppData\Local\Programs\Python\Python310\Scripts\;C:\Users\salih\AppData\Local\Programs\Python\Python310\;C:\Users\salih\AppData\Local\Microsoft\WindowsApps;C:\Users\salih\AppData\Local\Programs\Microsoft VS Code\bin;C:\Users\salih\.dotnet\tools;C:\Program Files (x86)\chromedriver.exe;C:\Program Files (x86)\msedgedriver.exe;C:\Users\salih\AppData\Local\Programs\MiKTeX\miktex\bin\x64\;C:\Program Files\Java\jdk-17.0.5\bin;C:\Users\salih\AppData\Local\Programs\Python\Python311;C:\Program Files\JetBrains\IntelliJ IDEA 2023.1.4\bin;;D:\AppData\Roaming\npm;C:\AppData\Roaming\npm
USERNAME=salih
OS=Windows_NT
PROCESSOR_IDENTIFIER=AMD64 Family 23 Model 96 Stepping 1, AuthenticAMD



---------------  S Y S T E M  ---------------

OS:
 Windows 11 , 64 bit Build 22621 (10.0.22621.2070)
OS uptime: 0 days 0:18 hours
Hyper-V role detected

CPU: total 12 (initial active 12) (12 cores per cpu, 2 threads per core) family 23 model 96 stepping 1 microcode 0x0, cx8, cmov, fxsr, ht, mmx, 3dnowpref, sse, sse2, sse3, ssse3, sse4a, sse4.1, sse4.2, popcnt, lzcnt, tsc, tscinvbit, avx, avx2, aes, clmul, bmi1, bmi2, adx, sha, fma, vzeroupper, clflush, clflushopt, hv

Memory: 4k page, system-wide physical 15741M (4020M free)
TotalPageFile size 15741M (AvailPageFile size 4M)
current process WorkingSet (physical memory assigned to process): 99M, peak: 99M
current process commit charge ("private bytes"): 360M, peak: 360M

vm_info: Java HotSpot(TM) 64-Bit Server VM (17.0.5+9-LTS-191) for windows-amd64 JRE (17.0.5+9-LTS-191), built on Sep 13 2022 17:31:43 by "mach5one" with MS VC++ 16.8 / 16.9 (VS2019)

END.
