#
# There is insufficient memory for the Java Runtime Environment to continue.
# Native memory allocation (mmap) failed to map 65536 bytes for Failed to commit metaspace.
# Possible reasons:
#   The system is out of physical RAM or swap space
#   The process is running with CompressedOops enabled, and the Java Heap may be blocking the growth of the native heap
# Possible solutions:
#   Reduce memory load on the system
#   Increase physical memory or swap space
#   Check if swap backing store is full
#   Decrease Java heap size (-Xmx/-Xms)
#   Decrease number of Java threads
#   Decrease Java thread stack sizes (-Xss)
#   Set larger code cache with -XX:ReservedCodeCacheSize=
#   JVM is running with Zero Based Compressed Oops mode in which the Java heap is
#     placed in the first 32GB address space. The Java Heap base address is the
#     maximum limit for the native heap growth. Please use -XX:HeapBaseMinAddress
#     to set the Java Heap base and to place the Java Heap above 32GB virtual address.
# This output file may be truncated or incomplete.
#
#  Out of Memory Error (virtualSpaceNode.cpp:110), pid=12840, tid=9148
#
# JRE version: Java(TM) SE Runtime Environment (17.0.5+9) (build 17.0.5+9-LTS-191)
# Java VM: Java HotSpot(TM) 64-Bit Server VM (17.0.5+9-LTS-191, mixed mode, emulated-client, sharing, tiered, compressed oops, compressed class ptrs, g1 gc, windows-amd64)
# No core dump will be written. Minidumps are not enabled by default on client versions of Windows
#

---------------  S U M M A R Y ------------

Command Line: -XX:TieredStopAtLevel=1 -Dspring.output.ansi.enabled=always -Dcom.sun.management.jmxremote -Dspring.jmx.enabled=true -Dspring.liveBeansView.mbeanDomain -Dspring.application.admin.enabled=true -Dmanagement.endpoints.jmx.exposure.include=* -javaagent:C:\Program Files\JetBrains\IntelliJ IDEA 2023.1.4\lib\idea_rt.jar=63478:C:\Program Files\JetBrains\IntelliJ IDEA 2023.1.4\bin -Dfile.encoding=UTF-8 yte.intern.springsecurity.SpringSecurityApplication

Host: AMD Ryzen 5 4600H with Radeon Graphics         , 12 cores, 15G,  Windows 11 , 64 bit Build 22621 (10.0.22621.2070)
Time: Wed Aug  9 10:00:55 2023 Türkiye Standart Saati elapsed time: 0.469196 seconds (0d 0h 0m 0s)

---------------  T H R E A D  ---------------

Current thread (0x000002566769c550):  JavaThread "main" [_thread_in_vm, id=9148, stack(0x00000069fbd00000,0x00000069fbe00000)]

Stack: [0x00000069fbd00000,0x00000069fbe00000]
Native frames: (J=compiled Java code, j=interpreted, Vv=VM code, C=native code)
V  [jvm.dll+0x672eea]
V  [jvm.dll+0x7d2a04]
V  [jvm.dll+0x7d41ae]
V  [jvm.dll+0x7d4813]
V  [jvm.dll+0x242c15]
V  [jvm.dll+0x7ce9ab]
V  [jvm.dll+0x618bb6]
V  [jvm.dll+0x1be37e]
V  [jvm.dll+0x61b4f1]
V  [jvm.dll+0x619556]
V  [jvm.dll+0x367f22]
V  [jvm.dll+0x1dfb2b]
V  [jvm.dll+0x539409]
V  [jvm.dll+0x74d4f8]
V  [jvm.dll+0x74d5e4]
V  [jvm.dll+0x408fe5]
V  [jvm.dll+0x40f038]
C  [java.dll+0x17ec]

Java frames: (J=compiled Java code, j=interpreted, Vv=VM code)
j  java.lang.ClassLoader.defineClass1(Ljava/lang/ClassLoader;Ljava/lang/String;[BIILjava/security/ProtectionDomain;Ljava/lang/String;)Ljava/lang/Class;+0 java.base@17.0.5
j  java.lang.ClassLoader.defineClass(Ljava/lang/String;[BIILjava/security/ProtectionDomain;)Ljava/lang/Class;+27 java.base@17.0.5
j  java.security.SecureClassLoader.defineClass(Ljava/lang/String;[BIILjava/security/CodeSource;)Ljava/lang/Class;+12 java.base@17.0.5
j  jdk.internal.loader.BuiltinClassLoader.defineClass(Ljava/lang/String;Ljdk/internal/loader/Resource;)Ljava/lang/Class;+117 java.base@17.0.5
j  jdk.internal.loader.BuiltinClassLoader.findClassOnClassPathOrNull(Ljava/lang/String;)Ljava/lang/Class;+37 java.base@17.0.5
J 919 c1 jdk.internal.loader.BuiltinClassLoader.loadClassOrNull(Ljava/lang/String;Z)Ljava/lang/Class; java.base@17.0.5 (143 bytes) @ 0x000002566f267184 [0x000002566f266d00+0x0000000000000484]
J 1021 c1 jdk.internal.loader.ClassLoaders$AppClassLoader.loadClass(Ljava/lang/String;Z)Ljava/lang/Class; java.base@17.0.5 (40 bytes) @ 0x000002566f29c7ac [0x000002566f29c660+0x000000000000014c]
J 1020 c1 java.lang.ClassLoader.loadClass(Ljava/lang/String;)Ljava/lang/Class; java.base@17.0.5 (7 bytes) @ 0x000002566f29bbe4 [0x000002566f29bba0+0x0000000000000044]
v  ~StubRoutines::call_stub
j  org.springframework.core.io.AbstractFileResolvingResource.customizeConnection(Ljava/net/URLConnection;)V+1
j  org.springframework.core.io.UrlResource.getInputStream()Ljava/io/InputStream;+10
j  org.springframework.core.io.support.PropertiesLoaderUtils.fillProperties(Ljava/util/Properties;Lorg/springframework/core/io/Resource;)V+1
j  org.springframework.core.io.support.PropertiesLoaderUtils.loadProperties(Lorg/springframework/core/io/Resource;)Ljava/util/Properties;+10
j  org.springframework.core.io.support.SpringFactoriesLoader.loadFactoriesResource(Ljava/lang/ClassLoader;Ljava/lang/String;)Ljava/util/Map;+43
j  org.springframework.core.io.support.SpringFactoriesLoader.lambda$forResourceLocation$2(Ljava/lang/ClassLoader;Ljava/lang/ClassLoader;Ljava/lang/String;Ljava/lang/String;)Lorg/springframework/core/io/support/SpringFactoriesLoader;+7
j  org.springframework.core.io.support.SpringFactoriesLoader$$Lambda$104+0x0000000800cdf9b8.apply(Ljava/lang/Object;)Ljava/lang/Object;+16
j  java.util.concurrent.ConcurrentMap.computeIfAbsent(Ljava/lang/Object;Ljava/util/function/Function;)Ljava/lang/Object;+19 java.base@17.0.5
j  org.springframework.core.io.support.SpringFactoriesLoader.forResourceLocation(Ljava/lang/String;Ljava/lang/ClassLoader;)Lorg/springframework/core/io/support/SpringFactoriesLoader;+48
j  org.springframework.core.io.support.SpringFactoriesLoader.forDefaultResourceLocation(Ljava/lang/ClassLoader;)Lorg/springframework/core/io/support/SpringFactoriesLoader;+3
j  org.springframework.boot.SpringApplication.getSpringFactoriesInstances(Ljava/lang/Class;Lorg/springframework/core/io/support/SpringFactoriesLoader$ArgumentResolver;)Ljava/util/List;+4
j  org.springframework.boot.SpringApplication.getSpringFactoriesInstances(Ljava/lang/Class;)Ljava/util/List;+3
j  org.springframework.boot.SpringApplication.<init>(Lorg/springframework/core/io/ResourceLoader;[Ljava/lang/Class;)V+119
j  org.springframework.boot.SpringApplication.<init>([Ljava/lang/Class;)V+3
j  org.springframework.boot.SpringApplication.run([Ljava/lang/Class;[Ljava/lang/String;)Lorg/springframework/context/ConfigurableApplicationContext;+5
j  org.springframework.boot.SpringApplication.run(Ljava/lang/Class;[Ljava/lang/String;)Lorg/springframework/context/ConfigurableApplicationContext;+9
j  yte.intern.springsecurity.SpringSecurityApplication.main([Ljava/lang/String;)V+3
v  ~StubRoutines::call_stub

---------------  P R O C E S S  ---------------

Threads class SMR info:
_java_thread_list=0x000002567f1de440, length=15, elements={
0x000002566769c550, 0x000002567e0e4350, 0x000002567e0e4c10, 0x000002567e0fc980,
0x000002567e0fd240, 0x000002567e0fdb00, 0x000002567e0fe3c0, 0x000002567ec00080,
0x000002567ec00980, 0x000002567ec72dd0, 0x000002567ecf3bd0, 0x000002567ecf64f0,
0x000002567f09f400, 0x000002567f09f8d0, 0x000002567f33d830
}

Java Threads: ( => current thread )
=>0x000002566769c550 JavaThread "main" [_thread_in_vm, id=9148, stack(0x00000069fbd00000,0x00000069fbe00000)]
  0x000002567e0e4350 JavaThread "Reference Handler" daemon [_thread_blocked, id=3172, stack(0x00000069fc400000,0x00000069fc500000)]
  0x000002567e0e4c10 JavaThread "Finalizer" daemon [_thread_blocked, id=6024, stack(0x00000069fc500000,0x00000069fc600000)]
  0x000002567e0fc980 JavaThread "Signal Dispatcher" daemon [_thread_blocked, id=10636, stack(0x00000069fc600000,0x00000069fc700000)]
  0x000002567e0fd240 JavaThread "Attach Listener" daemon [_thread_blocked, id=9080, stack(0x00000069fc700000,0x00000069fc800000)]
  0x000002567e0fdb00 JavaThread "Service Thread" daemon [_thread_blocked, id=7496, stack(0x00000069fc800000,0x00000069fc900000)]
  0x000002567e0fe3c0 JavaThread "Monitor Deflation Thread" daemon [_thread_blocked, id=8784, stack(0x00000069fc900000,0x00000069fca00000)]
  0x000002567ec00080 JavaThread "C1 CompilerThread0" daemon [_thread_blocked, id=3280, stack(0x00000069fca00000,0x00000069fcb00000)]
  0x000002567ec00980 JavaThread "Sweeper thread" daemon [_thread_blocked, id=13096, stack(0x00000069fcb00000,0x00000069fcc00000)]
  0x000002567ec72dd0 JavaThread "Common-Cleaner" daemon [_thread_blocked, id=22060, stack(0x00000069fcc00000,0x00000069fcd00000)]
  0x000002567ecf3bd0 JavaThread "C1 CompilerThread1" daemon [_thread_blocked, id=356, stack(0x00000069fcd00000,0x00000069fce00000)]
  0x000002567ecf64f0 JavaThread "C1 CompilerThread2" daemon [_thread_blocked, id=7624, stack(0x00000069fce00000,0x00000069fcf00000)]
  0x000002567f09f400 JavaThread "Monitor Ctrl-Break" daemon [_thread_in_native, id=21476, stack(0x00000069fcf00000,0x00000069fd000000)]
  0x000002567f09f8d0 JavaThread "Notification Thread" daemon [_thread_blocked, id=18184, stack(0x00000069fd000000,0x00000069fd100000)]
  0x000002567f33d830 JavaThread "RMI TCP Accept-0" daemon [_thread_in_native, id=20060, stack(0x00000069fd100000,0x00000069fd200000)]

Other Threads:
  0x000002567e0deaa0 VMThread "VM Thread" [stack: 0x00000069fc300000,0x00000069fc400000] [id=932]
  0x0000025667723370 WatcherThread [stack: 0x00000069fd200000,0x00000069fd300000] [id=19996]
  0x0000025667704a10 GCTaskThread "GC Thread#0" [stack: 0x00000069fbe00000,0x00000069fbf00000] [id=10788]
  0x0000025667714e60 ConcurrentGCThread "G1 Main Marker" [stack: 0x00000069fbf00000,0x00000069fc000000] [id=12400]
  0x00000256677168f0 ConcurrentGCThread "G1 Conc#0" [stack: 0x00000069fc000000,0x00000069fc100000] [id=7328]
  0x000002566775e9e0 ConcurrentGCThread "G1 Refine#0" [stack: 0x00000069fc100000,0x00000069fc200000] [id=18956]
  0x000002566775ecc0 ConcurrentGCThread "G1 Service" [stack: 0x00000069fc200000,0x00000069fc300000] [id=21320]

Threads with active compile tasks:

VM state: not at safepoint (normal execution)

VM Mutex/Monitor currently owned by a thread:  ([mutex/lock_event])
[0x0000025667695c30] Metaspace_lock - owner thread: 0x000002566769c550

Heap address: 0x000000070a000000, size: 3936 MB, Compressed Oops mode: Zero based, Oop shift amount: 3

CDS archive(s) mapped at: [0x0000000800000000-0x0000000800bd0000-0x0000000800bd0000), size 12386304, SharedBaseAddress: 0x0000000800000000, ArchiveRelocationMode: 0.
Compressed class space mapped at: 0x0000000800c00000-0x0000000840c00000, reserved size: 1073741824
Narrow klass base: 0x0000000800000000, Narrow klass shift: 0, Narrow klass range: 0x100000000

GC Precious Log:
 CPUs: 12 total, 12 available
 Memory: 15741M
 Large Page Support: Disabled
 NUMA Support: Disabled
 Compressed Oops: Enabled (Zero based)
 Heap Region Size: 2M
 Heap Min Capacity: 8M
 Heap Initial Capacity: 246M
 Heap Max Capacity: 3936M
 Pre-touch: Disabled
 Parallel Workers: 10
 Concurrent Workers: 3
 Concurrent Refinement Workers: 10
 Periodic GC: Disabled

Heap:
 garbage-first heap   total 251904K, used 14336K [0x000000070a000000, 0x0000000800000000)
  region size 2048K, 9 young (18432K), 0 survivors (0K)
 Metaspace       used 5831K, committed 5952K, reserved 1056768K
  class space    used 713K, committed 768K, reserved 1048576K

Heap Regions: E=young(eden), S=young(survivor), O=old, HS=humongous(starts), HC=humongous(continues), CS=collection set, F=free, OA=open archive, CA=closed archive, TAMS=top-at-mark-start (previous, next)
|   0|0x000000070a000000, 0x000000070a000000, 0x000000070a200000|  0%| F|  |TAMS 0x000000070a000000, 0x000000070a000000| Untracked 
|   1|0x000000070a200000, 0x000000070a200000, 0x000000070a400000|  0%| F|  |TAMS 0x000000070a200000, 0x000000070a200000| Untracked 
|   2|0x000000070a400000, 0x000000070a400000, 0x000000070a600000|  0%| F|  |TAMS 0x000000070a400000, 0x000000070a400000| Untracked 
|   3|0x000000070a600000, 0x000000070a600000, 0x000000070a800000|  0%| F|  |TAMS 0x000000070a600000, 0x000000070a600000| Untracked 
|   4|0x000000070a800000, 0x000000070a800000, 0x000000070aa00000|  0%| F|  |TAMS 0x000000070a800000, 0x000000070a800000| Untracked 
|   5|0x000000070aa00000, 0x000000070aa00000, 0x000000070ac00000|  0%| F|  |TAMS 0x000000070aa00000, 0x000000070aa00000| Untracked 
|   6|0x000000070ac00000, 0x000000070ac00000, 0x000000070ae00000|  0%| F|  |TAMS 0x000000070ac00000, 0x000000070ac00000| Untracked 
|   7|0x000000070ae00000, 0x000000070ae00000, 0x000000070b000000|  0%| F|  |TAMS 0x000000070ae00000, 0x000000070ae00000| Untracked 
|   8|0x000000070b000000, 0x000000070b000000, 0x000000070b200000|  0%| F|  |TAMS 0x000000070b000000, 0x000000070b000000| Untracked 
|   9|0x000000070b200000, 0x000000070b200000, 0x000000070b400000|  0%| F|  |TAMS 0x000000070b200000, 0x000000070b200000| Untracked 
|  10|0x000000070b400000, 0x000000070b400000, 0x000000070b600000|  0%| F|  |TAMS 0x000000070b400000, 0x000000070b400000| Untracked 
|  11|0x000000070b600000, 0x000000070b600000, 0x000000070b800000|  0%| F|  |TAMS 0x000000070b600000, 0x000000070b600000| Untracked 
|  12|0x000000070b800000, 0x000000070b800000, 0x000000070ba00000|  0%| F|  |TAMS 0x000000070b800000, 0x000000070b800000| Untracked 
|  13|0x000000070ba00000, 0x000000070ba00000, 0x000000070bc00000|  0%| F|  |TAMS 0x000000070ba00000, 0x000000070ba00000| Untracked 
|  14|0x000000070bc00000, 0x000000070bc00000, 0x000000070be00000|  0%| F|  |TAMS 0x000000070bc00000, 0x000000070bc00000| Untracked 
|  15|0x000000070be00000, 0x000000070be00000, 0x000000070c000000|  0%| F|  |TAMS 0x000000070be00000, 0x000000070be00000| Untracked 
|  16|0x000000070c000000, 0x000000070c000000, 0x000000070c200000|  0%| F|  |TAMS 0x000000070c000000, 0x000000070c000000| Untracked 
|  17|0x000000070c200000, 0x000000070c200000, 0x000000070c400000|  0%| F|  |TAMS 0x000000070c200000, 0x000000070c200000| Untracked 
|  18|0x000000070c400000, 0x000000070c400000, 0x000000070c600000|  0%| F|  |TAMS 0x000000070c400000, 0x000000070c400000| Untracked 
|  19|0x000000070c600000, 0x000000070c600000, 0x000000070c800000|  0%| F|  |TAMS 0x000000070c600000, 0x000000070c600000| Untracked 
|  20|0x000000070c800000, 0x000000070c800000, 0x000000070ca00000|  0%| F|  |TAMS 0x000000070c800000, 0x000000070c800000| Untracked 
|  21|0x000000070ca00000, 0x000000070ca00000, 0x000000070cc00000|  0%| F|  |TAMS 0x000000070ca00000, 0x000000070ca00000| Untracked 
|  22|0x000000070cc00000, 0x000000070cc00000, 0x000000070ce00000|  0%| F|  |TAMS 0x000000070cc00000, 0x000000070cc00000| Untracked 
|  23|0x000000070ce00000, 0x000000070ce00000, 0x000000070d000000|  0%| F|  |TAMS 0x000000070ce00000, 0x000000070ce00000| Untracked 
|  24|0x000000070d000000, 0x000000070d000000, 0x000000070d200000|  0%| F|  |TAMS 0x000000070d000000, 0x000000070d000000| Untracked 
|  25|0x000000070d200000, 0x000000070d200000, 0x000000070d400000|  0%| F|  |TAMS 0x000000070d200000, 0x000000070d200000| Untracked 
|  26|0x000000070d400000, 0x000000070d400000, 0x000000070d600000|  0%| F|  |TAMS 0x000000070d400000, 0x000000070d400000| Untracked 
|  27|0x000000070d600000, 0x000000070d600000, 0x000000070d800000|  0%| F|  |TAMS 0x000000070d600000, 0x000000070d600000| Untracked 
|  28|0x000000070d800000, 0x000000070d800000, 0x000000070da00000|  0%| F|  |TAMS 0x000000070d800000, 0x000000070d800000| Untracked 
|  29|0x000000070da00000, 0x000000070da00000, 0x000000070dc00000|  0%| F|  |TAMS 0x000000070da00000, 0x000000070da00000| Untracked 
|  30|0x000000070dc00000, 0x000000070dc00000, 0x000000070de00000|  0%| F|  |TAMS 0x000000070dc00000, 0x000000070dc00000| Untracked 
|  31|0x000000070de00000, 0x000000070de00000, 0x000000070e000000|  0%| F|  |TAMS 0x000000070de00000, 0x000000070de00000| Untracked 
|  32|0x000000070e000000, 0x000000070e000000, 0x000000070e200000|  0%| F|  |TAMS 0x000000070e000000, 0x000000070e000000| Untracked 
|  33|0x000000070e200000, 0x000000070e200000, 0x000000070e400000|  0%| F|  |TAMS 0x000000070e200000, 0x000000070e200000| Untracked 
|  34|0x000000070e400000, 0x000000070e400000, 0x000000070e600000|  0%| F|  |TAMS 0x000000070e400000, 0x000000070e400000| Untracked 
|  35|0x000000070e600000, 0x000000070e600000, 0x000000070e800000|  0%| F|  |TAMS 0x000000070e600000, 0x000000070e600000| Untracked 
|  36|0x000000070e800000, 0x000000070e800000, 0x000000070ea00000|  0%| F|  |TAMS 0x000000070e800000, 0x000000070e800000| Untracked 
|  37|0x000000070ea00000, 0x000000070ea00000, 0x000000070ec00000|  0%| F|  |TAMS 0x000000070ea00000, 0x000000070ea00000| Untracked 
|  38|0x000000070ec00000, 0x000000070ec00000, 0x000000070ee00000|  0%| F|  |TAMS 0x000000070ec00000, 0x000000070ec00000| Untracked 
|  39|0x000000070ee00000, 0x000000070ee00000, 0x000000070f000000|  0%| F|  |TAMS 0x000000070ee00000, 0x000000070ee00000| Untracked 
|  40|0x000000070f000000, 0x000000070f000000, 0x000000070f200000|  0%| F|  |TAMS 0x000000070f000000, 0x000000070f000000| Untracked 
|  41|0x000000070f200000, 0x000000070f200000, 0x000000070f400000|  0%| F|  |TAMS 0x000000070f200000, 0x000000070f200000| Untracked 
|  42|0x000000070f400000, 0x000000070f400000, 0x000000070f600000|  0%| F|  |TAMS 0x000000070f400000, 0x000000070f400000| Untracked 
|  43|0x000000070f600000, 0x000000070f600000, 0x000000070f800000|  0%| F|  |TAMS 0x000000070f600000, 0x000000070f600000| Untracked 
|  44|0x000000070f800000, 0x000000070f800000, 0x000000070fa00000|  0%| F|  |TAMS 0x000000070f800000, 0x000000070f800000| Untracked 
|  45|0x000000070fa00000, 0x000000070fa00000, 0x000000070fc00000|  0%| F|  |TAMS 0x000000070fa00000, 0x000000070fa00000| Untracked 
|  46|0x000000070fc00000, 0x000000070fc00000, 0x000000070fe00000|  0%| F|  |TAMS 0x000000070fc00000, 0x000000070fc00000| Untracked 
|  47|0x000000070fe00000, 0x000000070fe00000, 0x0000000710000000|  0%| F|  |TAMS 0x000000070fe00000, 0x000000070fe00000| Untracked 
|  48|0x0000000710000000, 0x0000000710000000, 0x0000000710200000|  0%| F|  |TAMS 0x0000000710000000, 0x0000000710000000| Untracked 
|  49|0x0000000710200000, 0x0000000710200000, 0x0000000710400000|  0%| F|  |TAMS 0x0000000710200000, 0x0000000710200000| Untracked 
|  50|0x0000000710400000, 0x0000000710400000, 0x0000000710600000|  0%| F|  |TAMS 0x0000000710400000, 0x0000000710400000| Untracked 
|  51|0x0000000710600000, 0x0000000710600000, 0x0000000710800000|  0%| F|  |TAMS 0x0000000710600000, 0x0000000710600000| Untracked 
|  52|0x0000000710800000, 0x0000000710800000, 0x0000000710a00000|  0%| F|  |TAMS 0x0000000710800000, 0x0000000710800000| Untracked 
|  53|0x0000000710a00000, 0x0000000710a00000, 0x0000000710c00000|  0%| F|  |TAMS 0x0000000710a00000, 0x0000000710a00000| Untracked 
|  54|0x0000000710c00000, 0x0000000710c00000, 0x0000000710e00000|  0%| F|  |TAMS 0x0000000710c00000, 0x0000000710c00000| Untracked 
|  55|0x0000000710e00000, 0x0000000710e00000, 0x0000000711000000|  0%| F|  |TAMS 0x0000000710e00000, 0x0000000710e00000| Untracked 
|  56|0x0000000711000000, 0x0000000711000000, 0x0000000711200000|  0%| F|  |TAMS 0x0000000711000000, 0x0000000711000000| Untracked 
|  57|0x0000000711200000, 0x0000000711200000, 0x0000000711400000|  0%| F|  |TAMS 0x0000000711200000, 0x0000000711200000| Untracked 
|  58|0x0000000711400000, 0x0000000711400000, 0x0000000711600000|  0%| F|  |TAMS 0x0000000711400000, 0x0000000711400000| Untracked 
|  59|0x0000000711600000, 0x0000000711600000, 0x0000000711800000|  0%| F|  |TAMS 0x0000000711600000, 0x0000000711600000| Untracked 
|  60|0x0000000711800000, 0x0000000711800000, 0x0000000711a00000|  0%| F|  |TAMS 0x0000000711800000, 0x0000000711800000| Untracked 
|  61|0x0000000711a00000, 0x0000000711a00000, 0x0000000711c00000|  0%| F|  |TAMS 0x0000000711a00000, 0x0000000711a00000| Untracked 
|  62|0x0000000711c00000, 0x0000000711c00000, 0x0000000711e00000|  0%| F|  |TAMS 0x0000000711c00000, 0x0000000711c00000| Untracked 
|  63|0x0000000711e00000, 0x0000000711e00000, 0x0000000712000000|  0%| F|  |TAMS 0x0000000711e00000, 0x0000000711e00000| Untracked 
|  64|0x0000000712000000, 0x0000000712000000, 0x0000000712200000|  0%| F|  |TAMS 0x0000000712000000, 0x0000000712000000| Untracked 
|  65|0x0000000712200000, 0x0000000712200000, 0x0000000712400000|  0%| F|  |TAMS 0x0000000712200000, 0x0000000712200000| Untracked 
|  66|0x0000000712400000, 0x0000000712400000, 0x0000000712600000|  0%| F|  |TAMS 0x0000000712400000, 0x0000000712400000| Untracked 
|  67|0x0000000712600000, 0x0000000712600000, 0x0000000712800000|  0%| F|  |TAMS 0x0000000712600000, 0x0000000712600000| Untracked 
|  68|0x0000000712800000, 0x0000000712800000, 0x0000000712a00000|  0%| F|  |TAMS 0x0000000712800000, 0x0000000712800000| Untracked 
|  69|0x0000000712a00000, 0x0000000712a00000, 0x0000000712c00000|  0%| F|  |TAMS 0x0000000712a00000, 0x0000000712a00000| Untracked 
|  70|0x0000000712c00000, 0x0000000712c00000, 0x0000000712e00000|  0%| F|  |TAMS 0x0000000712c00000, 0x0000000712c00000| Untracked 
|  71|0x0000000712e00000, 0x0000000712e00000, 0x0000000713000000|  0%| F|  |TAMS 0x0000000712e00000, 0x0000000712e00000| Untracked 
|  72|0x0000000713000000, 0x0000000713000000, 0x0000000713200000|  0%| F|  |TAMS 0x0000000713000000, 0x0000000713000000| Untracked 
|  73|0x0000000713200000, 0x0000000713200000, 0x0000000713400000|  0%| F|  |TAMS 0x0000000713200000, 0x0000000713200000| Untracked 
|  74|0x0000000713400000, 0x0000000713400000, 0x0000000713600000|  0%| F|  |TAMS 0x0000000713400000, 0x0000000713400000| Untracked 
|  75|0x0000000713600000, 0x0000000713600000, 0x0000000713800000|  0%| F|  |TAMS 0x0000000713600000, 0x0000000713600000| Untracked 
|  76|0x0000000713800000, 0x0000000713800000, 0x0000000713a00000|  0%| F|  |TAMS 0x0000000713800000, 0x0000000713800000| Untracked 
|  77|0x0000000713a00000, 0x0000000713a00000, 0x0000000713c00000|  0%| F|  |TAMS 0x0000000713a00000, 0x0000000713a00000| Untracked 
|  78|0x0000000713c00000, 0x0000000713c00000, 0x0000000713e00000|  0%| F|  |TAMS 0x0000000713c00000, 0x0000000713c00000| Untracked 
|  79|0x0000000713e00000, 0x0000000713e00000, 0x0000000714000000|  0%| F|  |TAMS 0x0000000713e00000, 0x0000000713e00000| Untracked 
|  80|0x0000000714000000, 0x0000000714000000, 0x0000000714200000|  0%| F|  |TAMS 0x0000000714000000, 0x0000000714000000| Untracked 
|  81|0x0000000714200000, 0x0000000714200000, 0x0000000714400000|  0%| F|  |TAMS 0x0000000714200000, 0x0000000714200000| Untracked 
|  82|0x0000000714400000, 0x0000000714400000, 0x0000000714600000|  0%| F|  |TAMS 0x0000000714400000, 0x0000000714400000| Untracked 
|  83|0x0000000714600000, 0x0000000714600000, 0x0000000714800000|  0%| F|  |TAMS 0x0000000714600000, 0x0000000714600000| Untracked 
|  84|0x0000000714800000, 0x0000000714800000, 0x0000000714a00000|  0%| F|  |TAMS 0x0000000714800000, 0x0000000714800000| Untracked 
|  85|0x0000000714a00000, 0x0000000714a00000, 0x0000000714c00000|  0%| F|  |TAMS 0x0000000714a00000, 0x0000000714a00000| Untracked 
|  86|0x0000000714c00000, 0x0000000714c00000, 0x0000000714e00000|  0%| F|  |TAMS 0x0000000714c00000, 0x0000000714c00000| Untracked 
|  87|0x0000000714e00000, 0x0000000714e00000, 0x0000000715000000|  0%| F|  |TAMS 0x0000000714e00000, 0x0000000714e00000| Untracked 
|  88|0x0000000715000000, 0x0000000715000000, 0x0000000715200000|  0%| F|  |TAMS 0x0000000715000000, 0x0000000715000000| Untracked 
|  89|0x0000000715200000, 0x0000000715200000, 0x0000000715400000|  0%| F|  |TAMS 0x0000000715200000, 0x0000000715200000| Untracked 
|  90|0x0000000715400000, 0x0000000715400000, 0x0000000715600000|  0%| F|  |TAMS 0x0000000715400000, 0x0000000715400000| Untracked 
|  91|0x0000000715600000, 0x0000000715600000, 0x0000000715800000|  0%| F|  |TAMS 0x0000000715600000, 0x0000000715600000| Untracked 
|  92|0x0000000715800000, 0x0000000715800000, 0x0000000715a00000|  0%| F|  |TAMS 0x0000000715800000, 0x0000000715800000| Untracked 
|  93|0x0000000715a00000, 0x0000000715a00000, 0x0000000715c00000|  0%| F|  |TAMS 0x0000000715a00000, 0x0000000715a00000| Untracked 
|  94|0x0000000715c00000, 0x0000000715c00000, 0x0000000715e00000|  0%| F|  |TAMS 0x0000000715c00000, 0x0000000715c00000| Untracked 
|  95|0x0000000715e00000, 0x0000000715e00000, 0x0000000716000000|  0%| F|  |TAMS 0x0000000715e00000, 0x0000000715e00000| Untracked 
|  96|0x0000000716000000, 0x0000000716000000, 0x0000000716200000|  0%| F|  |TAMS 0x0000000716000000, 0x0000000716000000| Untracked 
|  97|0x0000000716200000, 0x0000000716200000, 0x0000000716400000|  0%| F|  |TAMS 0x0000000716200000, 0x0000000716200000| Untracked 
|  98|0x0000000716400000, 0x0000000716400000, 0x0000000716600000|  0%| F|  |TAMS 0x0000000716400000, 0x0000000716400000| Untracked 
|  99|0x0000000716600000, 0x0000000716600000, 0x0000000716800000|  0%| F|  |TAMS 0x0000000716600000, 0x0000000716600000| Untracked 
| 100|0x0000000716800000, 0x0000000716800000, 0x0000000716a00000|  0%| F|  |TAMS 0x0000000716800000, 0x0000000716800000| Untracked 
| 101|0x0000000716a00000, 0x0000000716a00000, 0x0000000716c00000|  0%| F|  |TAMS 0x0000000716a00000, 0x0000000716a00000| Untracked 
| 102|0x0000000716c00000, 0x0000000716c00000, 0x0000000716e00000|  0%| F|  |TAMS 0x0000000716c00000, 0x0000000716c00000| Untracked 
| 103|0x0000000716e00000, 0x0000000716e00000, 0x0000000717000000|  0%| F|  |TAMS 0x0000000716e00000, 0x0000000716e00000| Untracked 
| 104|0x0000000717000000, 0x0000000717000000, 0x0000000717200000|  0%| F|  |TAMS 0x0000000717000000, 0x0000000717000000| Untracked 
| 105|0x0000000717200000, 0x0000000717200000, 0x0000000717400000|  0%| F|  |TAMS 0x0000000717200000, 0x0000000717200000| Untracked 
| 106|0x0000000717400000, 0x0000000717400000, 0x0000000717600000|  0%| F|  |TAMS 0x0000000717400000, 0x0000000717400000| Untracked 
| 107|0x0000000717600000, 0x0000000717600000, 0x0000000717800000|  0%| F|  |TAMS 0x0000000717600000, 0x0000000717600000| Untracked 
| 108|0x0000000717800000, 0x0000000717800000, 0x0000000717a00000|  0%| F|  |TAMS 0x0000000717800000, 0x0000000717800000| Untracked 
| 109|0x0000000717a00000, 0x0000000717a00000, 0x0000000717c00000|  0%| F|  |TAMS 0x0000000717a00000, 0x0000000717a00000| Untracked 
| 110|0x0000000717c00000, 0x0000000717c00000, 0x0000000717e00000|  0%| F|  |TAMS 0x0000000717c00000, 0x0000000717c00000| Untracked 
| 111|0x0000000717e00000, 0x0000000717e00000, 0x0000000718000000|  0%| F|  |TAMS 0x0000000717e00000, 0x0000000717e00000| Untracked 
| 112|0x0000000718000000, 0x0000000718000000, 0x0000000718200000|  0%| F|  |TAMS 0x0000000718000000, 0x0000000718000000| Untracked 
| 113|0x0000000718200000, 0x0000000718200000, 0x0000000718400000|  0%| F|  |TAMS 0x0000000718200000, 0x0000000718200000| Untracked 
| 114|0x0000000718400000, 0x00000007184e24a0, 0x0000000718600000| 44%| E|  |TAMS 0x0000000718400000, 0x0000000718400000| Complete 
| 115|0x0000000718600000, 0x0000000718800000, 0x0000000718800000|100%| E|CS|TAMS 0x0000000718600000, 0x0000000718600000| Complete 
| 116|0x0000000718800000, 0x0000000718a00000, 0x0000000718a00000|100%| E|CS|TAMS 0x0000000718800000, 0x0000000718800000| Complete 
| 117|0x0000000718a00000, 0x0000000718c00000, 0x0000000718c00000|100%| E|CS|TAMS 0x0000000718a00000, 0x0000000718a00000| Complete 
| 118|0x0000000718c00000, 0x0000000718e00000, 0x0000000718e00000|100%| E|CS|TAMS 0x0000000718c00000, 0x0000000718c00000| Complete 
| 119|0x0000000718e00000, 0x0000000719000000, 0x0000000719000000|100%| E|CS|TAMS 0x0000000718e00000, 0x0000000718e00000| Complete 
| 120|0x0000000719000000, 0x0000000719200000, 0x0000000719200000|100%| E|  |TAMS 0x0000000719000000, 0x0000000719000000| Complete 
| 121|0x0000000719200000, 0x0000000719400000, 0x0000000719400000|100%| E|CS|TAMS 0x0000000719200000, 0x0000000719200000| Complete 
| 122|0x0000000719400000, 0x0000000719600000, 0x0000000719600000|100%| E|CS|TAMS 0x0000000719400000, 0x0000000719400000| Complete 

Card table byte_map: [0x00000256729f0000,0x00000256731a0000] _byte_map_base: 0x000002566f1a0000

Marking Bits (Prev, Next): (CMBitMap*) 0x0000025667704f30, (CMBitMap*) 0x0000025667704f70
 Prev Bits: [0x0000025673950000, 0x00000256776d0000)
 Next Bits: [0x00000256776d0000, 0x000002567b450000)

Polling page: 0x00000256655f0000

Metaspace:

Usage:
  Non-class:      5.00 MB used.
      Class:    713.56 KB used.
       Both:      5.70 MB used.

Virtual space:
  Non-class space:        8.00 MB reserved,       5.06 MB ( 63%) committed,  1 nodes.
      Class space:        1.00 GB reserved,     768.00 KB ( <1%) committed,  1 nodes.
             Both:        1.01 GB reserved,       5.81 MB ( <1%) committed. 

Chunk freelists:
   Non-Class:  2.00 MB
       Class:  3.11 MB
        Both:  5.11 MB

MaxMetaspaceSize: unlimited
CompressedClassSpaceSize: 1.00 GB
Initial GC threshold: 21.00 MB
Current GC threshold: 21.00 MB
CDS: on
MetaspaceReclaimPolicy: balanced
 - commit_granule_bytes: 65536.
 - commit_granule_words: 8192.
 - virtual_space_node_default_size: 1048576.
 - enlarge_chunks_in_place: 1.
 - new_chunks_are_fully_committed: 0.
 - uncommit_free_chunks: 1.
 - use_allocation_guard: 0.
 - handle_deallocations: 1.


Internal statistics:

num_allocs_failed_limit: 0.
num_arena_births: 90.
num_arena_deaths: 0.
num_vsnodes_births: 2.
num_vsnodes_deaths: 0.
num_space_committed: 93.
num_space_uncommitted: 0.
num_chunks_returned_to_freelist: 0.
num_chunks_taken_from_freelist: 155.
num_chunk_merges: 0.
num_chunk_splits: 100.
num_chunks_enlarged: 63.
num_purges: 0.
num_inconsistent_stats: 0.

CodeCache: size=49152Kb used=3746Kb max_used=3746Kb free=45405Kb
 bounds [0x000002566ef00000, 0x000002566f2b0000, 0x0000025671f00000]
 total_blobs=1507 nmethods=1059 adapters=374
 compilation: enabled
              stopped_count=0, restarted_count=0
 full_count=0

Compilation events (20 events):
Event: 0.457 Thread 0x000002567ec00080 1046       1       jdk.internal.org.objectweb.asm.MethodWriter::endCurrentBasicBlockWithNoSuccessor (94 bytes)
Event: 0.457 Thread 0x000002567ec00080 nmethod 1046 0x000002566f2a3810 code [0x000002566f2a39e0, 0x000002566f2a3e48]
Event: 0.459 Thread 0x000002567ec00080 1047       1       java.lang.invoke.AbstractValidatingLambdaMetafactory::isAdaptableTo (126 bytes)
Event: 0.459 Thread 0x000002567ec00080 nmethod 1047 0x000002566f2a3f90 code [0x000002566f2a41c0, 0x000002566f2a4628]
Event: 0.461 Thread 0x000002567ec00080 1048       1       sun.invoke.util.Wrapper::isSingleWord (15 bytes)
Event: 0.461 Thread 0x000002567ec00080 nmethod 1048 0x000002566f2a4990 code [0x000002566f2a4b20, 0x000002566f2a4bf8]
Event: 0.462 Thread 0x000002567ec00080 1051       1       java.lang.invoke.InvokerBytecodeGenerator::getInternalName (103 bytes)
Event: 0.462 Thread 0x000002567ecf3bd0 1052       1       jdk.internal.org.objectweb.asm.MethodWriter::visitTypeInsn (116 bytes)
Event: 0.462 Thread 0x000002567ecf3bd0 nmethod 1052 0x000002566f2a5890 code [0x000002566f2a5a60, 0x000002566f2a5c88]
Event: 0.462 Thread 0x000002567ec00080 nmethod 1051 0x000002566f2a5e10 code [0x000002566f2a6000, 0x000002566f2a6358]
Event: 0.462 Thread 0x000002567ec00080 1055       1       jdk.internal.org.objectweb.asm.SymbolTable::addTypeInternal (85 bytes)
Event: 0.462 Thread 0x000002567ec00080 nmethod 1055 0x000002566f2a6490 code [0x000002566f2a6660, 0x000002566f2a6b38]
Event: 0.463 Thread 0x000002567ec00080 1056       1       sun.net.www.protocol.jar.Handler::checkNestedProtocol (18 bytes)
Event: 0.463 Thread 0x000002567ec00080 nmethod 1056 0x000002566f2a6d10 code [0x000002566f2a6ec0, 0x000002566f2a7008]
Event: 0.465 Thread 0x000002567ec00080 1057       1       java.net.URL::toString (5 bytes)
Event: 0.465 Thread 0x000002567ecf64f0 1059       1       java.net.URLStreamHandler::toExternalForm (156 bytes)
Event: 0.465 Thread 0x000002567ecf3bd0 1058       1       java.net.URL::toExternalForm (9 bytes)
Event: 0.466 Thread 0x000002567ec00080 nmethod 1057 0x000002566f2a7090 code [0x000002566f2a7220, 0x000002566f2a7308]
Event: 0.466 Thread 0x000002567ecf3bd0 nmethod 1058 0x000002566f2a7410 code [0x000002566f2a75a0, 0x000002566f2a7688]
Event: 0.466 Thread 0x000002567ecf64f0 nmethod 1059 0x000002566f2a7790 code [0x000002566f2a7a80, 0x000002566f2a8618]

GC Heap History (0 events):
No events

Deoptimization events (0 events):
No events

Classes unloaded (0 events):
No events

Classes redefined (0 events):
No events

Internal exceptions (13 events):
Event: 0.180 Thread 0x000002567f09f400 Exception <a 'java/lang/NoSuchMethodError'{0x0000000718fec4d0}: 'java.lang.Object java.lang.invoke.DirectMethodHandle$Holder.invokeStaticInit(java.lang.Object)'> (0x0000000718fec4d0) 
thrown [s\open\src\hotspot\share\interpreter\linkResolver.cpp, line 759]
Event: 0.186 Thread 0x000002567f09f400 Exception <a 'java/lang/NoSuchMethodError'{0x0000000718ffa118}: 'void java.lang.invoke.DirectMethodHandle$Holder.invokeStatic(java.lang.Object, java.lang.Object)'> (0x0000000718ffa118) 
thrown [s\open\src\hotspot\share\interpreter\linkResolver.cpp, line 759]
Event: 0.202 Thread 0x000002566769c550 Exception <a 'java/lang/NoSuchMethodError'{0x0000000718c82a90}: 'int java.lang.invoke.DirectMethodHandle$Holder.invokeInterface(java.lang.Object, java.lang.Object)'> (0x0000000718c82a90) 
thrown [s\open\src\hotspot\share\interpreter\linkResolver.cpp, line 759]
Event: 0.203 Thread 0x000002566769c550 Exception <a 'java/lang/IncompatibleClassChangeError'{0x0000000718c86090}: Found class java.lang.Object, but interface was expected> (0x0000000718c86090) 
thrown [s\open\src\hotspot\share\interpreter\linkResolver.cpp, line 826]
Event: 0.239 Thread 0x000002566769c550 Exception <a 'java/lang/NoSuchMethodError'{0x0000000718d51890}: 'int java.lang.invoke.DirectMethodHandle$Holder.invokeSpecial(java.lang.Object, java.lang.Object, java.lang.Object)'> (0x0000000718d51890) 
thrown [s\open\src\hotspot\share\interpreter\linkResolver.cpp, line 759]
Event: 0.274 Thread 0x000002566769c550 Exception <a 'java/lang/NoSuchMethodError'{0x0000000718a4c8b0}: 'void java.lang.invoke.DirectMethodHandle$Holder.invokeStatic(java.lang.Object, java.lang.Object, java.lang.Object)'> (0x0000000718a4c8b0) 
thrown [s\open\src\hotspot\share\interpreter\linkResolver.cpp, line 759]
Event: 0.281 Thread 0x000002566769c550 Exception <a 'java/lang/NoSuchMethodError'{0x0000000718a89518}: 'int java.lang.invoke.DirectMethodHandle$Holder.invokeSpecialIFC(java.lang.Object, java.lang.Object, java.lang.Object)'> (0x0000000718a89518) 
thrown [s\open\src\hotspot\share\interpreter\linkResolver.cpp, line 759]
Event: 0.301 Thread 0x000002566769c550 Exception <a 'java/lang/NoSuchMethodError'{0x0000000718affd08}: 'java.lang.Object java.lang.invoke.DirectMethodHandle$Holder.invokeStaticInit(java.lang.Object, int, int, int, int)'> (0x0000000718affd08) 
thrown [s\open\src\hotspot\share\interpreter\linkResolver.cpp, line 759]
Event: 0.335 Thread 0x000002566769c550 Exception <a 'java/lang/NoSuchMethodError'{0x0000000718b89780}: 'java.lang.Object java.lang.invoke.DirectMethodHandle$Holder.invokeStaticInit(java.lang.Object, java.lang.Object, int, int, int, int)'> (0x0000000718b89780) 
thrown [s\open\src\hotspot\share\interpreter\linkResolver.cpp, line 759]
Event: 0.346 Thread 0x000002566769c550 Exception <a 'java/lang/ClassNotFoundException'{0x0000000718ba7ac8}: javax/management/remote/rmi/RMIServerImpl_Skel> (0x0000000718ba7ac8) 
thrown [s\open\src\hotspot\share\classfile\systemDictionary.cpp, line 256]
Event: 0.408 Thread 0x000002566769c550 Exception <a 'java/lang/ClassNotFoundException'{0x0000000718610668}: javax/smartcardio/CardPermission> (0x0000000718610668) 
thrown [s\open\src\hotspot\share\classfile\systemDictionary.cpp, line 256]
Event: 0.410 Thread 0x000002566769c550 Exception <a 'java/io/FileNotFoundException'{0x000000071861ebd0}> (0x000000071861ebd0) 
thrown [s\open\src\hotspot\share\prims\jni.cpp, line 516]
Event: 0.457 Thread 0x000002566769c550 Exception <a 'java/lang/NoSuchMethodError'{0x000000071840e818}: 'void java.lang.invoke.DirectMethodHandle$Holder.invokeStatic(java.lang.Object, java.lang.Object, java.lang.Object, java.lang.Object)'> (0x000000071840e818) 
thrown [s\open\src\hotspot\share\interpreter\linkResolver.cpp, line 759]

VM Operations (10 events):
Event: 0.080 Executing VM operation: HandshakeAllThreads
Event: 0.080 Executing VM operation: HandshakeAllThreads done
Event: 0.179 Executing VM operation: HandshakeAllThreads
Event: 0.179 Executing VM operation: HandshakeAllThreads done
Event: 0.293 Executing VM operation: HandshakeAllThreads
Event: 0.293 Executing VM operation: HandshakeAllThreads done
Event: 0.383 Executing VM operation: HandshakeAllThreads
Event: 0.383 Executing VM operation: HandshakeAllThreads done
Event: 0.386 Executing VM operation: HandshakeAllThreads
Event: 0.386 Executing VM operation: HandshakeAllThreads done

Events (20 events):
Event: 0.439 loading class java/util/concurrent/TimeoutException
Event: 0.439 loading class java/util/concurrent/TimeoutException done
Event: 0.444 loading class java/lang/IllegalAccessError
Event: 0.444 loading class java/lang/IllegalAccessError done
Event: 0.450 loading class java/util/IdentityHashMap$EntrySet
Event: 0.450 loading class java/util/IdentityHashMap$EntrySet done
Event: 0.450 loading class java/util/IdentityHashMap$EntryIterator
Event: 0.450 loading class java/util/IdentityHashMap$EntryIterator done
Event: 0.450 loading class java/util/IdentityHashMap$EntryIterator$Entry
Event: 0.450 loading class java/util/IdentityHashMap$EntryIterator$Entry done
Event: 0.450 loading class java/util/IdentityHashMap$ValueIterator
Event: 0.450 loading class java/util/IdentityHashMap$ValueIterator done
Event: 0.466 loading class java/net/URISyntaxException
Event: 0.467 loading class java/net/URISyntaxException done
Event: 0.467 loading class java/nio/file/NoSuchFileException
Event: 0.467 loading class java/nio/file/FileSystemException
Event: 0.467 loading class java/nio/file/FileSystemException done
Event: 0.467 loading class java/nio/file/NoSuchFileException done
Event: 0.467 loading class java/io/UncheckedIOException
Event: 0.467 loading class java/io/UncheckedIOException done


Dynamic libraries:
0x00007ff62ed80000 - 0x00007ff62ed90000 	C:\Program Files\Java\jdk-17.0.5\bin\java.exe
0x00007ffe04090000 - 0x00007ffe042a4000 	C:\WINDOWS\SYSTEM32\ntdll.dll
0x00007ffe03040000 - 0x00007ffe03104000 	C:\WINDOWS\System32\KERNEL32.DLL
0x00007ffe01690000 - 0x00007ffe01a34000 	C:\WINDOWS\System32\KERNELBASE.dll
0x00007ffe01d30000 - 0x00007ffe01e41000 	C:\WINDOWS\System32\ucrtbase.dll
0x00007ffdfabf0000 - 0x00007ffdfac08000 	C:\Program Files\Java\jdk-17.0.5\bin\jli.dll
0x00007ffdfac10000 - 0x00007ffdfac2a000 	C:\Program Files\Java\jdk-17.0.5\bin\VCRUNTIME140.dll
0x00007ffe025a0000 - 0x00007ffe02650000 	C:\WINDOWS\System32\ADVAPI32.dll
0x00007ffe028a0000 - 0x00007ffe02947000 	C:\WINDOWS\System32\msvcrt.dll
0x00007ffe03c80000 - 0x00007ffe03d26000 	C:\WINDOWS\System32\sechost.dll
0x00007ffe01e60000 - 0x00007ffe01f77000 	C:\WINDOWS\System32\RPCRT4.dll
0x00007ffe02e30000 - 0x00007ffe02fda000 	C:\WINDOWS\System32\USER32.dll
0x00007ffde6570000 - 0x00007ffde67ff000 	C:\WINDOWS\WinSxS\amd64_microsoft.windows.common-controls_6595b64144ccf1df_6.0.22621.2070_none_2713e6537381f706\COMCTL32.dll
0x00007ffe015e0000 - 0x00007ffe01606000 	C:\WINDOWS\System32\win32u.dll
0x00007ffe01f80000 - 0x00007ffe01fa9000 	C:\WINDOWS\System32\GDI32.dll
0x00007ffe01b70000 - 0x00007ffe01c89000 	C:\WINDOWS\System32\gdi32full.dll
0x00007ffe01c90000 - 0x00007ffe01d2a000 	C:\WINDOWS\System32\msvcp_win.dll
0x00007ffdf6d10000 - 0x00007ffdf6d1a000 	C:\WINDOWS\SYSTEM32\VERSION.dll
0x00007ffe04010000 - 0x00007ffe04041000 	C:\WINDOWS\System32\IMM32.DLL
0x00007ffdfabe0000 - 0x00007ffdfabec000 	C:\Program Files\Java\jdk-17.0.5\bin\vcruntime140_1.dll
0x00007ffdfa930000 - 0x00007ffdfa9bd000 	C:\Program Files\Java\jdk-17.0.5\bin\msvcp140.dll
0x00007ffd6c690000 - 0x00007ffd6d252000 	C:\Program Files\Java\jdk-17.0.5\bin\server\jvm.dll
0x00007ffe026d0000 - 0x00007ffe026d8000 	C:\WINDOWS\System32\PSAPI.DLL
0x00007ffdfde30000 - 0x00007ffdfde64000 	C:\WINDOWS\SYSTEM32\WINMM.dll
0x00007ffdd6aa0000 - 0x00007ffdd6aa9000 	C:\WINDOWS\SYSTEM32\WSOCK32.dll
0x00007ffe02650000 - 0x00007ffe026c1000 	C:\WINDOWS\System32\WS2_32.dll
0x00007ffe00430000 - 0x00007ffe00448000 	C:\WINDOWS\SYSTEM32\kernel.appcore.dll
0x00007ffdfabd0000 - 0x00007ffdfabda000 	C:\Program Files\Java\jdk-17.0.5\bin\jimage.dll
0x00007ffdfe960000 - 0x00007ffdfeb8e000 	C:\WINDOWS\SYSTEM32\DBGHELP.DLL
0x00007ffe02170000 - 0x00007ffe024fa000 	C:\WINDOWS\System32\combase.dll
0x00007ffe03f30000 - 0x00007ffe04007000 	C:\WINDOWS\System32\OLEAUT32.dll
0x00007ffde07f0000 - 0x00007ffde0822000 	C:\WINDOWS\SYSTEM32\dbgcore.DLL
0x00007ffe01610000 - 0x00007ffe0168a000 	C:\WINDOWS\System32\bcryptPrimitives.dll
0x00007ffdfdeb0000 - 0x00007ffdfdebe000 	C:\Program Files\Java\jdk-17.0.5\bin\instrument.dll
0x00007ffdfa900000 - 0x00007ffdfa925000 	C:\Program Files\Java\jdk-17.0.5\bin\java.dll
0x00007ffdfa820000 - 0x00007ffdfa8f6000 	C:\Program Files\Java\jdk-17.0.5\bin\jsvml.dll
0x00007ffe031b0000 - 0x00007ffe039c6000 	C:\WINDOWS\System32\SHELL32.dll
0x00007ffdff290000 - 0x00007ffdffb7a000 	C:\WINDOWS\SYSTEM32\windows.storage.dll
0x00007ffdffbb0000 - 0x00007ffdffcee000 	C:\WINDOWS\SYSTEM32\wintypes.dll
0x00007ffe039d0000 - 0x00007ffe03ac3000 	C:\WINDOWS\System32\SHCORE.dll
0x00007ffe03d30000 - 0x00007ffe03d8e000 	C:\WINDOWS\System32\shlwapi.dll
0x00007ffe013a0000 - 0x00007ffe013c6000 	C:\WINDOWS\SYSTEM32\profapi.dll
0x00007ffdfa7e0000 - 0x00007ffdfa7f8000 	C:\Program Files\Java\jdk-17.0.5\bin\zip.dll
0x00007ffdfabb0000 - 0x00007ffdfabc9000 	C:\Program Files\Java\jdk-17.0.5\bin\net.dll
0x00007ffdf9780000 - 0x00007ffdf98b7000 	C:\WINDOWS\SYSTEM32\WINHTTP.dll
0x00007ffe00910000 - 0x00007ffe00979000 	C:\WINDOWS\system32\mswsock.dll
0x00007ffdfa800000 - 0x00007ffdfa816000 	C:\Program Files\Java\jdk-17.0.5\bin\nio.dll
0x00007ffdfcf30000 - 0x00007ffdfcf4a000 	C:\Program Files\JetBrains\IntelliJ IDEA 2023.1.4\bin\breakgen64.dll
0x00007ffdfffb0000 - 0x00007ffe000a3000 	C:\WINDOWS\SYSTEM32\DNSAPI.dll
0x00007ffdfff40000 - 0x00007ffdfff6d000 	C:\WINDOWS\SYSTEM32\IPHLPAPI.DLL
0x00007ffe02dd0000 - 0x00007ffe02dd9000 	C:\WINDOWS\System32\NSI.dll
0x00007ffdfaf10000 - 0x00007ffdfaf1a000 	C:\Windows\System32\rasadhlp.dll
0x00007ffdf8c60000 - 0x00007ffdf8ce4000 	C:\WINDOWS\System32\fwpuclnt.dll
0x00007ffdfcf20000 - 0x00007ffdfcf29000 	C:\Program Files\Java\jdk-17.0.5\bin\management.dll
0x00007ffdfcf10000 - 0x00007ffdfcf1b000 	C:\Program Files\Java\jdk-17.0.5\bin\management_ext.dll
0x00007ffe00b90000 - 0x00007ffe00bab000 	C:\WINDOWS\SYSTEM32\CRYPTSP.dll
0x00007ffe003f0000 - 0x00007ffe00425000 	C:\WINDOWS\system32\rsaenh.dll
0x00007ffe00a20000 - 0x00007ffe00a4c000 	C:\WINDOWS\SYSTEM32\USERENV.dll
0x00007ffe00d40000 - 0x00007ffe00d68000 	C:\WINDOWS\SYSTEM32\bcrypt.dll
0x00007ffe00b80000 - 0x00007ffe00b8c000 	C:\WINDOWS\SYSTEM32\CRYPTBASE.dll
0x00007ffdf9570000 - 0x00007ffdf9589000 	C:\WINDOWS\SYSTEM32\dhcpcsvc6.DLL
0x00007ffdf9550000 - 0x00007ffdf956f000 	C:\WINDOWS\SYSTEM32\dhcpcsvc.DLL
0x00007ffdd0400000 - 0x00007ffdd0417000 	C:\WINDOWS\system32\napinsp.dll
0x00007ffdd03e0000 - 0x00007ffdd03fb000 	C:\WINDOWS\system32\pnrpnsp.dll
0x00007ffdd00b0000 - 0x00007ffdd00c1000 	C:\WINDOWS\System32\winrnr.dll
0x00007ffdf9510000 - 0x00007ffdf9525000 	C:\WINDOWS\system32\wshbth.dll
0x00007ffdc9f50000 - 0x00007ffdc9f71000 	C:\WINDOWS\system32\nlansp_c.dll

dbghelp: loaded successfully - version: 4.0.5 - missing functions: none
symbol engine: initialized successfully - sym options: 0x614 - pdb path: .;C:\Program Files\Java\jdk-17.0.5\bin;C:\WINDOWS\SYSTEM32;C:\WINDOWS\WinSxS\amd64_microsoft.windows.common-controls_6595b64144ccf1df_6.0.22621.2070_none_2713e6537381f706;C:\Program Files\Java\jdk-17.0.5\bin\server;C:\Program Files\JetBrains\IntelliJ IDEA 2023.1.4\bin

VM Arguments:
jvm_args: -XX:TieredStopAtLevel=1 -Dspring.output.ansi.enabled=always -Dcom.sun.management.jmxremote -Dspring.jmx.enabled=true -Dspring.liveBeansView.mbeanDomain -Dspring.application.admin.enabled=true -Dmanagement.endpoints.jmx.exposure.include=* -javaagent:C:\Program Files\JetBrains\IntelliJ IDEA 2023.1.4\lib\idea_rt.jar=63478:C:\Program Files\JetBrains\IntelliJ IDEA 2023.1.4\bin -Dfile.encoding=UTF-8 
java_command: yte.intern.springsecurity.SpringSecurityApplication
java_class_path (initial): C:\Users\salih\Desktop\Salih\Belgeler\VSCCode\Java\Spring_Framework\spring-security\target\classes;C:\Users\salih\.m2\repository\org\springframework\boot\spring-boot-starter-data-jpa\3.1.2\spring-boot-starter-data-jpa-3.1.2.jar;C:\Users\salih\.m2\repository\org\springframework\boot\spring-boot-starter-aop\3.1.2\spring-boot-starter-aop-3.1.2.jar;C:\Users\salih\.m2\repository\org\aspectj\aspectjweaver\1.9.19\aspectjweaver-1.9.19.jar;C:\Users\salih\.m2\repository\org\springframework\boot\spring-boot-starter-jdbc\3.1.2\spring-boot-starter-jdbc-3.1.2.jar;C:\Users\salih\.m2\repository\com\zaxxer\HikariCP\5.0.1\HikariCP-5.0.1.jar;C:\Users\salih\.m2\repository\org\springframework\spring-jdbc\6.0.11\spring-jdbc-6.0.11.jar;C:\Users\salih\.m2\repository\org\hibernate\orm\hibernate-core\6.2.6.Final\hibernate-core-6.2.6.Final.jar;C:\Users\salih\.m2\repository\jakarta\persistence\jakarta.persistence-api\3.1.0\jakarta.persistence-api-3.1.0.jar;C:\Users\salih\.m2\repository\jakarta\transaction\jakarta.transaction-api\2.0.1\jakarta.transaction-api-2.0.1.jar;C:\Users\salih\.m2\repository\org\jboss\logging\jboss-logging\3.5.3.Final\jboss-logging-3.5.3.Final.jar;C:\Users\salih\.m2\repository\org\hibernate\common\hibernate-commons-annotations\6.0.6.Final\hibernate-commons-annotations-6.0.6.Final.jar;C:\Users\salih\.m2\repository\io\smallrye\jandex\3.0.5\jandex-3.0.5.jar;C:\Users\salih\.m2\repository\com\fasterxml\classmate\1.5.1\classmate-1.5.1.jar;C:\Users\salih\.m2\repository\net\bytebuddy\byte-buddy\1.14.5\byte-buddy-1.14.5.jar;C:\Users\salih\.m2\repository\org\glassfish\jaxb\jaxb-runtime\4.0.3\jaxb-runtime-4.0.3.jar;C:\Users\salih\.m2\repository\org\glassfish\jaxb\jaxb-core\4.0.3\jaxb-core-4.0.3.jar;C:\Users\salih\.m2\repository\org\eclipse\angus\angus-activation\2.0.1\angus-activation-2.0.1.jar;C:\Users\salih\.m2\repository\org\glassfish\jaxb\txw2\4.0.3\txw2-4.0.3.jar;C:\Users\salih\.m2\repository\com\sun\istack\istack-commons-runtime\4.1.2\istack-commo
Launcher Type: SUN_STANDARD

[Global flags]
     intx CICompilerCount                          = 4                                         {product} {ergonomic}
     uint ConcGCThreads                            = 3                                         {product} {ergonomic}
     uint G1ConcRefinementThreads                  = 10                                        {product} {ergonomic}
   size_t G1HeapRegionSize                         = 2097152                                   {product} {ergonomic}
    uintx GCDrainStackTargetSize                   = 64                                        {product} {ergonomic}
   size_t InitialHeapSize                          = 257949696                                 {product} {ergonomic}
     bool ManagementServer                         = true                                      {product} {command line}
   size_t MarkStackSize                            = 4194304                                   {product} {ergonomic}
   size_t MaxHeapSize                              = 4127195136                                {product} {ergonomic}
   size_t MaxNewSize                               = 2474639360                                {product} {ergonomic}
   size_t MinHeapDeltaBytes                        = 2097152                                   {product} {ergonomic}
   size_t MinHeapSize                              = 8388608                                   {product} {ergonomic}
    uintx NonProfiledCodeHeapSize                  = 0                                      {pd product} {ergonomic}
     bool ProfileInterpreter                       = false                                  {pd product} {command line}
    uintx ProfiledCodeHeapSize                     = 0                                      {pd product} {ergonomic}
   size_t SoftMaxHeapSize                          = 4127195136                             {manageable} {ergonomic}
     intx TieredStopAtLevel                        = 1                                         {product} {command line}
     bool UseCompressedClassPointers               = true                           {product lp64_product} {ergonomic}
     bool UseCompressedOops                        = true                           {product lp64_product} {ergonomic}
     bool UseG1GC                                  = true                                      {product} {ergonomic}
     bool UseLargePagesIndividualAllocation        = false                                  {pd product} {ergonomic}

Logging:
Log output configuration:
 #0: stdout all=warning uptime,level,tags
 #1: stderr all=off uptime,level,tags

Environment Variables:
PATH=C:\Program Files\Common Files\Oracle\Java\javapath;C:\WINDOWS\system32;C:\WINDOWS;C:\WINDOWS\System32\Wbem;C:\WINDOWS\System32\WindowsPowerShell\v1.0\;C:\WINDOWS\System32\OpenSSH\;C:\Program Files\dotnet\;C:\MinGW\bin;D:\Programlar\CMake\bin;C:\Program Files\Microsoft SQL Server\110\Tools\Binn\;C:\Program Files\Git\cmd;C:\Python27;C:\Python27\Scripts;C:\Python3;C:\Python3\Scripts;C:\Program Files\usbipd-win\;D:\Programlar\nodejs\;C:\ProgramData\chocolatey\bin;;C:\Program Files\nodejs\;C:\Program Files\Docker\Docker\resources\bin;C:\Users\salih\AppData\Local\Programs\Python\Python311\Scripts\;C:\Users\salih\AppData\Local\Programs\Python\Python311\;C:\Users\salih\AppData\Local\Packages\PythonSoftwareFoundation.Python.3.10_qbz5n2kfra8p0\LocalCache\local-packages\Python310\Scripts;C:\Users\salih\AppData\Local\Programs\Python\Python310\Scripts\;C:\Users\salih\AppData\Local\Programs\Python\Python310\;C:\Users\salih\AppData\Local\Microsoft\WindowsApps;C:\Users\salih\AppData\Local\Programs\Microsoft VS Code\bin;C:\Users\salih\.dotnet\tools;C:\Program Files (x86)\chromedriver.exe;C:\Program Files (x86)\msedgedriver.exe;C:\Users\salih\AppData\Local\Programs\MiKTeX\miktex\bin\x64\;C:\Program Files\Java\jdk-17.0.5\bin;C:\Users\salih\AppData\Local\Programs\Python\Python311;C:\Program Files\JetBrains\IntelliJ IDEA 2023.1.4\bin;;D:\AppData\Roaming\npm;C:\AppData\Roaming\npm
USERNAME=salih
OS=Windows_NT
PROCESSOR_IDENTIFIER=AMD64 Family 23 Model 96 Stepping 1, AuthenticAMD



---------------  S Y S T E M  ---------------

OS:
 Windows 11 , 64 bit Build 22621 (10.0.22621.2070)
OS uptime: 0 days 0:18 hours
Hyper-V role detected

CPU: total 12 (initial active 12) (12 cores per cpu, 2 threads per core) family 23 model 96 stepping 1 microcode 0x0, cx8, cmov, fxsr, ht, mmx, 3dnowpref, sse, sse2, sse3, ssse3, sse4a, sse4.1, sse4.2, popcnt, lzcnt, tsc, tscinvbit, avx, avx2, aes, clmul, bmi1, bmi2, adx, sha, fma, vzeroupper, clflush, clflushopt, hv

Memory: 4k page, system-wide physical 15741M (4081M free)
TotalPageFile size 15741M (AvailPageFile size 5M)
current process WorkingSet (physical memory assigned to process): 62M, peak: 62M
current process commit charge ("private bytes"): 346M, peak: 346M

vm_info: Java HotSpot(TM) 64-Bit Server VM (17.0.5+9-LTS-191) for windows-amd64 JRE (17.0.5+9-LTS-191), built on Sep 13 2022 17:31:43 by "mach5one" with MS VC++ 16.8 / 16.9 (VS2019)

END.
